<?xml version="1.0" encoding="UTF-8"?>
<coverage generated="1655312730856" clover="3.2.0">
  <project timestamp="1655312730856" name="All files">
    <metrics statements="568" coveredstatements="288" conditionals="178" coveredconditionals="75" methods="222" coveredmethods="49" elements="968" coveredelements="412" complexity="0" loc="568" ncloc="568" packages="12" files="35" classes="35"/>
    <package name="app.common.components">
      <metrics statements="13" coveredstatements="13" conditionals="0" coveredconditionals="0" methods="0" coveredmethods="0"/>
      <file name="common.module.ts" path="C:\Users\Freddy-PC2\Documents\appVS\staffing-frontend-angular\src\app\common\components\common.module.ts">
        <metrics statements="13" coveredstatements="13" conditionals="0" coveredconditionals="0" methods="0" coveredmethods="0"/>
        <line num="1" count="1" type="stmt"/>
        <line num="2" count="1" type="stmt"/>
        <line num="3" count="1" type="stmt"/>
        <line num="4" count="1" type="stmt"/>
        <line num="5" count="1" type="stmt"/>
        <line num="6" count="1" type="stmt"/>
        <line num="7" count="1" type="stmt"/>
        <line num="8" count="1" type="stmt"/>
        <line num="9" count="1" type="stmt"/>
        <line num="10" count="1" type="stmt"/>
        <line num="11" count="1" type="stmt"/>
        <line num="12" count="1" type="stmt"/>
        <line num="44" count="1" type="stmt"/>
      </file>
    </package>
    <package name="app.common.components.custom-input">
      <metrics statements="34" coveredstatements="29" conditionals="5" coveredconditionals="1" methods="7" coveredmethods="4"/>
      <file name="custom-input.component.html" path="C:\Users\Freddy-PC2\Documents\appVS\staffing-frontend-angular\src\app\common\components\custom-input\custom-input.component.html">
        <metrics statements="1" coveredstatements="1" conditionals="0" coveredconditionals="0" methods="0" coveredmethods="0"/>
        <line num="1" count="1" type="stmt"/>
      </file>
      <file name="custom-input.component.ts" path="C:\Users\Freddy-PC2\Documents\appVS\staffing-frontend-angular\src\app\common\components\custom-input\custom-input.component.ts">
        <metrics statements="33" coveredstatements="28" conditionals="5" coveredconditionals="1" methods="7" coveredmethods="4"/>
        <line num="1" count="1" type="stmt"/>
        <line num="2" count="1" type="stmt"/>
        <line num="15" count="1" type="stmt"/>
        <line num="16" count="60" type="stmt"/>
        <line num="17" count="60" type="stmt"/>
        <line num="18" count="60" type="stmt"/>
        <line num="19" count="60" type="stmt"/>
        <line num="20" count="60" type="stmt"/>
        <line num="21" count="60" type="stmt"/>
        <line num="22" count="60" type="stmt"/>
        <line num="23" count="60" type="stmt"/>
        <line num="24" count="60" type="stmt"/>
        <line num="25" count="60" type="stmt"/>
        <line num="26" count="60" type="stmt"/>
        <line num="27" count="60" type="stmt"/>
        <line num="29" count="60" type="stmt"/>
        <line num="30" count="60" type="stmt"/>
        <line num="31" count="60" type="stmt"/>
        <line num="32" count="60" type="stmt"/>
        <line num="34" count="60" type="stmt"/>
        <line num="35" count="60" type="stmt"/>
        <line num="36" count="60" type="stmt"/>
        <line num="37" count="60" type="stmt"/>
        <line num="39" count="60" type="stmt"/>
        <line num="40" count="60" type="stmt"/>
        <line num="42" count="60" type="stmt"/>
        <line num="49" count="0" type="stmt"/>
        <line num="50" count="0" type="cond" truecount="0" falsecount="3"/>
        <line num="51" count="0" type="stmt"/>
        <line num="56" count="240" type="stmt"/>
        <line num="60" count="120" type="cond" truecount="1" falsecount="1"/>
        <line num="64" count="0" type="stmt"/>
        <line num="68" count="0" type="stmt"/>
      </file>
    </package>
    <package name="app.common.components.error">
      <metrics statements="5" coveredstatements="3" conditionals="0" coveredconditionals="0" methods="2" coveredmethods="0"/>
      <file name="error.component.html" path="C:\Users\Freddy-PC2\Documents\appVS\staffing-frontend-angular\src\app\common\components\error\error.component.html">
        <metrics statements="1" coveredstatements="1" conditionals="0" coveredconditionals="0" methods="0" coveredmethods="0"/>
        <line num="1" count="1" type="stmt"/>
      </file>
      <file name="error.component.ts" path="C:\Users\Freddy-PC2\Documents\appVS\staffing-frontend-angular\src\app\common\components\error\error.component.ts">
        <metrics statements="4" coveredstatements="2" conditionals="0" coveredconditionals="0" methods="2" coveredmethods="0"/>
        <line num="1" count="1" type="stmt"/>
        <line num="8" count="1" type="stmt"/>
        <line num="11" count="0" type="stmt"/>
        <line num="12" count="0" type="stmt"/>
      </file>
    </package>
    <package name="app.common.components.message-bar">
      <metrics statements="8" coveredstatements="3" conditionals="0" coveredconditionals="0" methods="2" coveredmethods="0"/>
      <file name="message-bar.component.html" path="C:\Users\Freddy-PC2\Documents\appVS\staffing-frontend-angular\src\app\common\components\message-bar\message-bar.component.html">
        <metrics statements="1" coveredstatements="1" conditionals="0" coveredconditionals="0" methods="0" coveredmethods="0"/>
        <line num="1" count="1" type="stmt"/>
      </file>
      <file name="message-bar.component.ts" path="C:\Users\Freddy-PC2\Documents\appVS\staffing-frontend-angular\src\app\common\components\message-bar\message-bar.component.ts">
        <metrics statements="7" coveredstatements="2" conditionals="0" coveredconditionals="0" methods="2" coveredmethods="0"/>
        <line num="1" count="1" type="stmt"/>
        <line num="8" count="1" type="stmt"/>
        <line num="10" count="0" type="stmt"/>
        <line num="11" count="0" type="stmt"/>
        <line num="12" count="0" type="stmt"/>
        <line num="13" count="0" type="stmt"/>
        <line num="19" count="0" type="stmt"/>
      </file>
    </package>
    <package name="app.common.components.p-select">
      <metrics statements="70" coveredstatements="17" conditionals="36" coveredconditionals="4" methods="31" coveredmethods="3"/>
      <file name="p-select.component.html" path="C:\Users\Freddy-PC2\Documents\appVS\staffing-frontend-angular\src\app\common\components\p-select\p-select.component.html">
        <metrics statements="1" coveredstatements="1" conditionals="0" coveredconditionals="0" methods="0" coveredmethods="0"/>
        <line num="1" count="1" type="stmt"/>
      </file>
      <file name="p-select.component.ts" path="C:\Users\Freddy-PC2\Documents\appVS\staffing-frontend-angular\src\app\common\components\p-select\p-select.component.ts">
        <metrics statements="69" coveredstatements="16" conditionals="36" coveredconditionals="4" methods="31" coveredmethods="3"/>
        <line num="1" count="1" type="stmt"/>
        <line num="13" count="1" type="stmt"/>
        <line num="14" count="1" type="stmt"/>
        <line num="15" count="1" type="stmt"/>
        <line num="25" count="12" type="stmt"/>
        <line num="30" count="1" type="stmt"/>
        <line num="34" count="0" type="stmt"/>
        <line num="35" count="0" type="stmt"/>
        <line num="36" count="0" type="stmt"/>
        <line num="42" count="0" type="stmt"/>
        <line num="44" count="0" type="stmt"/>
        <line num="45" count="0" type="stmt"/>
        <line num="47" count="0" type="stmt"/>
        <line num="53" count="0" type="stmt"/>
        <line num="55" count="0" type="stmt"/>
        <line num="57" count="0" type="stmt"/>
        <line num="61" count="0" type="cond" truecount="0" falsecount="6"/>
        <line num="67" count="0" type="stmt"/>
        <line num="71" count="0" type="cond" truecount="0" falsecount="1"/>
        <line num="72" count="0" type="stmt"/>
        <line num="73" count="0" type="stmt"/>
        <line num="77" count="0" type="stmt"/>
        <line num="80" count="0" type="stmt"/>
        <line num="85" count="0" type="stmt"/>
        <line num="86" count="0" type="cond" truecount="0" falsecount="2"/>
        <line num="90" count="0" type="stmt"/>
        <line num="94" count="0" type="stmt"/>
        <line num="98" count="0" type="stmt"/>
        <line num="102" count="0" type="stmt"/>
        <line num="106" count="0" type="cond" truecount="0" falsecount="2"/>
        <line num="110" count="0" type="stmt"/>
        <line num="112" count="0" type="stmt"/>
        <line num="114" count="0" type="stmt"/>
        <line num="116" count="0" type="cond" truecount="0" falsecount="1"/>
        <line num="117" count="0" type="stmt"/>
        <line num="119" count="0" type="stmt"/>
        <line num="124" count="0" type="stmt"/>
        <line num="127" count="0" type="stmt"/>
        <line num="133" count="0" type="stmt"/>
        <line num="134" count="0" type="stmt"/>
        <line num="137" count="0" type="cond" truecount="0" falsecount="2"/>
        <line num="138" count="0" type="cond" truecount="0" falsecount="2"/>
        <line num="139" count="0" type="cond" truecount="0" falsecount="2"/>
        <line num="140" count="0" type="stmt"/>
        <line num="141" count="0" type="stmt"/>
        <line num="145" count="0" type="cond" truecount="0" falsecount="2"/>
        <line num="149" count="0" type="stmt"/>
        <line num="150" count="0" type="stmt"/>
        <line num="151" count="0" type="stmt"/>
        <line num="156" count="0" type="cond" truecount="0" falsecount="2"/>
        <line num="158" count="0" type="cond" truecount="0" falsecount="1"/>
        <line num="159" count="0" type="stmt"/>
        <line num="163" count="0" type="stmt"/>
        <line num="164" count="0" type="cond" truecount="0" falsecount="2"/>
        <line num="169" count="0" type="stmt"/>
        <line num="173" count="0" type="stmt"/>
        <line num="174" count="0" type="cond" truecount="0" falsecount="1"/>
        <line num="175" count="0" type="stmt"/>
        <line num="176" count="0" type="stmt"/>
        <line num="181" count="1" type="cond" truecount="2" falsecount="0"/>
        <line num="182" count="1" type="stmt"/>
        <line num="183" count="1" type="stmt"/>
        <line num="184" count="1" type="stmt"/>
        <line num="185" count="1" type="stmt"/>
        <line num="188" count="1" type="cond" truecount="2" falsecount="0"/>
        <line num="189" count="1" type="stmt"/>
        <line num="190" count="1" type="stmt"/>
        <line num="191" count="1" type="stmt"/>
        <line num="192" count="1" type="stmt"/>
      </file>
    </package>
    <package name="app.common.components.p-select-multiple">
      <metrics statements="53" coveredstatements="32" conditionals="28" coveredconditionals="13" methods="16" coveredmethods="6"/>
      <file name="p-select-multiple.component.html" path="C:\Users\Freddy-PC2\Documents\appVS\staffing-frontend-angular\src\app\common\components\p-select-multiple\p-select-multiple.component.html">
        <metrics statements="1" coveredstatements="1" conditionals="0" coveredconditionals="0" methods="0" coveredmethods="0"/>
        <line num="1" count="1" type="stmt"/>
      </file>
      <file name="p-select-multiple.component.ts" path="C:\Users\Freddy-PC2\Documents\appVS\staffing-frontend-angular\src\app\common\components\p-select-multiple\p-select-multiple.component.ts">
        <metrics statements="52" coveredstatements="31" conditionals="28" coveredconditionals="13" methods="16" coveredmethods="6"/>
        <line num="1" count="1" type="stmt"/>
        <line num="2" count="1" type="stmt"/>
        <line num="3" count="1" type="stmt"/>
        <line num="4" count="1" type="stmt"/>
        <line num="11" count="1" type="stmt"/>
        <line num="13" count="48" type="stmt"/>
        <line num="19" count="48" type="stmt"/>
        <line num="20" count="48" type="stmt"/>
        <line num="21" count="48" type="stmt"/>
        <line num="27" count="48" type="stmt"/>
        <line num="29" count="48" type="stmt"/>
        <line num="30" count="48" type="stmt"/>
        <line num="31" count="48" type="stmt"/>
        <line num="33" count="48" type="stmt"/>
        <line num="36" count="48" type="stmt"/>
        <line num="38" count="48" type="stmt"/>
        <line num="42" count="48" type="stmt"/>
        <line num="48" count="48" type="stmt"/>
        <line num="49" count="48" type="cond" truecount="2" falsecount="1"/>
        <line num="50" count="0" type="stmt"/>
        <line num="51" count="0" type="stmt"/>
        <line num="56" count="96" type="cond" truecount="3" falsecount="3"/>
        <line num="62" count="384" type="stmt"/>
        <line num="66" count="0" type="stmt"/>
        <line num="68" count="0" type="cond" truecount="0" falsecount="2"/>
        <line num="69" count="0" type="stmt"/>
        <line num="71" count="0" type="stmt"/>
        <line num="73" count="0" type="stmt"/>
        <line num="81" count="0" type="stmt"/>
        <line num="83" count="0" type="stmt"/>
        <line num="85" count="0" type="stmt"/>
        <line num="89" count="0" type="stmt"/>
        <line num="92" count="0" type="stmt"/>
        <line num="101" count="0" type="cond" truecount="0" falsecount="2"/>
        <line num="103" count="0" type="cond" truecount="0" falsecount="1"/>
        <line num="104" count="0" type="stmt"/>
        <line num="106" count="0" type="stmt"/>
        <line num="108" count="0" type="stmt"/>
        <line num="109" count="0" type="cond" truecount="0" falsecount="2"/>
        <line num="114" count="0" type="stmt"/>
        <line num="119" count="0" type="cond" truecount="0" falsecount="2"/>
        <line num="122" count="0" type="stmt"/>
        <line num="128" count="1" type="cond" truecount="2" falsecount="0"/>
        <line num="129" count="1" type="stmt"/>
        <line num="130" count="1" type="stmt"/>
        <line num="131" count="1" type="stmt"/>
        <line num="132" count="1" type="stmt"/>
        <line num="135" count="1" type="cond" truecount="2" falsecount="0"/>
        <line num="136" count="1" type="stmt"/>
        <line num="137" count="1" type="stmt"/>
        <line num="138" count="1" type="stmt"/>
        <line num="139" count="1" type="stmt"/>
      </file>
    </package>
    <package name="app.common.components.table">
      <metrics statements="62" coveredstatements="7" conditionals="22" coveredconditionals="0" methods="26" coveredmethods="0"/>
      <file name="table.component.html" path="C:\Users\Freddy-PC2\Documents\appVS\staffing-frontend-angular\src\app\common\components\table\table.component.html">
        <metrics statements="1" coveredstatements="1" conditionals="0" coveredconditionals="0" methods="0" coveredmethods="0"/>
        <line num="1" count="1" type="stmt"/>
      </file>
      <file name="table.component.ts" path="C:\Users\Freddy-PC2\Documents\appVS\staffing-frontend-angular\src\app\common\components\table\table.component.ts">
        <metrics statements="61" coveredstatements="6" conditionals="22" coveredconditionals="0" methods="26" coveredmethods="0"/>
        <line num="1" count="1" type="stmt"/>
        <line num="13" count="1" type="stmt"/>
        <line num="14" count="1" type="stmt"/>
        <line num="15" count="1" type="stmt"/>
        <line num="24" count="1" type="stmt"/>
        <line num="30" count="0" type="stmt"/>
        <line num="33" count="0" type="stmt"/>
        <line num="35" count="0" type="stmt"/>
        <line num="39" count="0" type="stmt"/>
        <line num="40" count="0" type="stmt"/>
        <line num="42" count="0" type="stmt"/>
        <line num="43" count="0" type="stmt"/>
        <line num="44" count="0" type="stmt"/>
        <line num="53" count="0" type="stmt"/>
        <line num="57" count="0" type="stmt"/>
        <line num="58" count="0" type="stmt"/>
        <line num="62" count="0" type="cond" truecount="0" falsecount="3"/>
        <line num="63" count="0" type="stmt"/>
        <line num="64" count="0" type="stmt"/>
        <line num="69" count="0" type="stmt"/>
        <line num="71" count="0" type="stmt"/>
        <line num="74" count="0" type="stmt"/>
        <line num="75" count="0" type="stmt"/>
        <line num="77" count="0" type="cond" truecount="0" falsecount="1"/>
        <line num="78" count="0" type="stmt"/>
        <line num="85" count="0" type="stmt"/>
        <line num="86" count="0" type="stmt"/>
        <line num="92" count="0" type="stmt"/>
        <line num="95" count="0" type="cond" truecount="0" falsecount="4"/>
        <line num="96" count="0" type="stmt"/>
        <line num="100" count="0" type="cond" truecount="0" falsecount="3"/>
        <line num="102" count="0" type="stmt"/>
        <line num="106" count="0" type="cond" truecount="0" falsecount="2"/>
        <line num="110" count="0" type="stmt"/>
        <line num="113" count="0" type="stmt"/>
        <line num="117" count="0" type="stmt"/>
        <line num="126" count="0" type="stmt"/>
        <line num="131" count="0" type="stmt"/>
        <line num="139" count="0" type="stmt"/>
        <line num="141" count="0" type="stmt"/>
        <line num="146" count="0" type="stmt"/>
        <line num="149" count="0" type="stmt"/>
        <line num="150" count="0" type="stmt"/>
        <line num="151" count="0" type="stmt"/>
        <line num="154" count="0" type="stmt"/>
        <line num="160" count="0" type="stmt"/>
        <line num="172" count="0" type="stmt"/>
        <line num="178" count="0" type="stmt"/>
        <line num="183" count="0" type="stmt"/>
        <line num="184" count="0" type="stmt"/>
        <line num="189" count="0" type="cond" truecount="0" falsecount="2"/>
        <line num="190" count="0" type="stmt"/>
        <line num="191" count="0" type="stmt"/>
        <line num="195" count="0" type="stmt"/>
        <line num="196" count="0" type="stmt"/>
        <line num="197" count="0" type="stmt"/>
        <line num="203" count="0" type="stmt"/>
        <line num="214" count="1" type="stmt"/>
        <line num="215" count="0" type="stmt"/>
        <line num="216" count="0" type="stmt"/>
        <line num="217" count="0" type="cond" truecount="0" falsecount="3"/>
      </file>
    </package>
    <package name="app.common.components.table.atoms">
      <metrics statements="45" coveredstatements="5" conditionals="9" coveredconditionals="0" methods="12" coveredmethods="0"/>
      <file name="context-menu.component.ts" path="C:\Users\Freddy-PC2\Documents\appVS\staffing-frontend-angular\src\app\common\components\table\atoms\context-menu.component.ts">
        <metrics statements="4" coveredstatements="2" conditionals="0" coveredconditionals="0" methods="1" coveredmethods="0"/>
        <line num="1" count="1" type="stmt"/>
        <line num="59" count="1" type="stmt"/>
        <line num="63" count="0" type="stmt"/>
        <line num="66" count="0" type="stmt"/>
      </file>
      <file name="tb-pagination.component.ts" path="C:\Users\Freddy-PC2\Documents\appVS\staffing-frontend-angular\src\app\common\components\table\atoms\tb-pagination.component.ts">
        <metrics statements="41" coveredstatements="3" conditionals="9" coveredconditionals="0" methods="11" coveredmethods="0"/>
        <line num="1" count="1" type="stmt"/>
        <line num="13" count="1" type="stmt"/>
        <line num="149" count="1" type="stmt"/>
        <line num="155" count="0" type="stmt"/>
        <line num="158" count="0" type="stmt"/>
        <line num="161" count="0" type="stmt"/>
        <line num="165" count="0" type="stmt"/>
        <line num="169" count="0" type="stmt"/>
        <line num="170" count="0" type="stmt"/>
        <line num="171" count="0" type="stmt"/>
        <line num="175" count="0" type="stmt"/>
        <line num="176" count="0" type="stmt"/>
        <line num="181" count="0" type="cond" truecount="0" falsecount="2"/>
        <line num="185" count="0" type="stmt"/>
        <line num="188" count="0" type="stmt"/>
        <line num="189" count="0" type="stmt"/>
        <line num="190" count="0" type="stmt"/>
        <line num="191" count="0" type="stmt"/>
        <line num="195" count="0" type="stmt"/>
        <line num="196" count="0" type="stmt"/>
        <line num="197" count="0" type="stmt"/>
        <line num="200" count="0" type="cond" truecount="0" falsecount="1"/>
        <line num="201" count="0" type="stmt"/>
        <line num="207" count="0" type="stmt"/>
        <line num="211" count="0" type="cond" truecount="0" falsecount="1"/>
        <line num="212" count="0" type="stmt"/>
        <line num="214" count="0" type="cond" truecount="0" falsecount="1"/>
        <line num="215" count="0" type="stmt"/>
        <line num="217" count="0" type="cond" truecount="0" falsecount="1"/>
        <line num="218" count="0" type="stmt"/>
        <line num="220" count="0" type="stmt"/>
        <line num="221" count="0" type="stmt"/>
        <line num="222" count="0" type="stmt"/>
        <line num="223" count="0" type="stmt"/>
        <line num="226" count="0" type="cond" truecount="0" falsecount="1"/>
        <line num="227" count="0" type="stmt"/>
        <line num="228" count="0" type="stmt"/>
        <line num="230" count="0" type="cond" truecount="0" falsecount="1"/>
        <line num="231" count="0" type="stmt"/>
        <line num="232" count="0" type="stmt"/>
        <line num="234" count="0" type="stmt"/>
      </file>
    </package>
    <package name="app.common.utils">
      <metrics statements="43" coveredstatements="38" conditionals="35" coveredconditionals="24" methods="10" coveredmethods="10"/>
      <file name="validate-date.ts" path="C:\Users\Freddy-PC2\Documents\appVS\staffing-frontend-angular\src\app\common\utils\validate-date.ts">
        <metrics statements="43" coveredstatements="38" conditionals="35" coveredconditionals="24" methods="10" coveredmethods="10"/>
        <line num="1" count="1" type="cond" truecount="2" falsecount="0"/>
        <line num="2" count="12" type="stmt"/>
        <line num="3" count="12" type="cond" truecount="1" falsecount="0"/>
        <line num="4" count="5" type="stmt"/>
        <line num="7" count="7" type="stmt"/>
        <line num="12" count="12" type="cond" truecount="1" falsecount="2"/>
        <line num="14" count="0" type="stmt"/>
        <line num="16" count="12" type="stmt"/>
        <line num="19" count="0" type="stmt"/>
        <line num="24" count="7" type="stmt"/>
        <line num="26" count="7" type="cond" truecount="3" falsecount="1"/>
        <line num="30" count="21" type="stmt"/>
        <line num="31" count="21" type="stmt"/>
        <line num="32" count="63" type="cond" truecount="1" falsecount="0"/>
        <line num="34" count="21" type="stmt"/>
        <line num="38" count="7" type="cond" truecount="1" falsecount="0"/>
        <line num="40" count="7" type="cond" truecount="1" falsecount="0"/>
        <line num="41" count="7" type="cond" truecount="1" falsecount="1"/>
        <line num="44" count="7" type="cond" truecount="2" falsecount="1"/>
        <line num="46" count="7" type="cond" truecount="1" falsecount="1"/>
        <line num="50" count="7" type="stmt"/>
        <line num="51" count="21" type="stmt"/>
        <line num="52" count="21" type="stmt"/>
        <line num="54" count="7" type="cond" truecount="0" falsecount="1"/>
        <line num="56" count="7" type="cond" truecount="1" falsecount="1"/>
        <line num="58" count="7" type="stmt"/>
        <line num="62" count="7" type="stmt"/>
        <line num="64" count="21" type="stmt"/>
        <line num="66" count="7" type="stmt"/>
        <line num="68" count="21" type="stmt"/>
        <line num="70" count="7" type="stmt"/>
        <line num="72" count="21" type="stmt"/>
        <line num="75" count="7" type="cond" truecount="3" falsecount="1"/>
        <line num="79" count="0" type="stmt"/>
        <line num="82" count="7" type="cond" truecount="1" falsecount="1"/>
        <line num="83" count="7" type="stmt"/>
        <line num="84" count="7" type="stmt"/>
        <line num="85" count="7" type="stmt"/>
        <line num="86" count="7" type="stmt"/>
        <line num="87" count="7" type="cond" truecount="0" falsecount="1"/>
        <line num="93" count="0" type="stmt"/>
        <line num="96" count="0" type="stmt"/>
        <line num="100" count="7" type="stmt"/>
      </file>
    </package>
    <package name="app.components.person-report">
      <metrics statements="64" coveredstatements="63" conditionals="39" coveredconditionals="33" methods="21" coveredmethods="20"/>
      <file name="person-report.component.html" path="C:\Users\Freddy-PC2\Documents\appVS\staffing-frontend-angular\src\app\components\person-report\person-report.component.html">
        <metrics statements="1" coveredstatements="1" conditionals="0" coveredconditionals="0" methods="0" coveredmethods="0"/>
        <line num="1" count="1" type="stmt"/>
      </file>
      <file name="person-report.component.ts" path="C:\Users\Freddy-PC2\Documents\appVS\staffing-frontend-angular\src\app\components\person-report\person-report.component.ts">
        <metrics statements="63" coveredstatements="62" conditionals="39" coveredconditionals="33" methods="21" coveredmethods="20"/>
        <line num="1" count="1" type="stmt"/>
        <line num="2" count="1" type="stmt"/>
        <line num="3" count="1" type="stmt"/>
        <line num="4" count="1" type="stmt"/>
        <line num="5" count="1" type="stmt"/>
        <line num="6" count="1" type="stmt"/>
        <line num="7" count="1" type="stmt"/>
        <line num="16" count="1" type="stmt"/>
        <line num="17" count="12" type="stmt"/>
        <line num="28" count="12" type="stmt"/>
        <line num="29" count="12" type="stmt"/>
        <line num="30" count="12" type="stmt"/>
        <line num="31" count="12" type="stmt"/>
        <line num="32" count="12" type="stmt"/>
        <line num="34" count="12" type="stmt"/>
        <line num="41" count="12" type="stmt"/>
        <line num="42" count="12" type="stmt"/>
        <line num="43" count="12" type="stmt"/>
        <line num="44" count="12" type="stmt"/>
        <line num="45" count="12" type="stmt"/>
        <line num="46" count="12" type="stmt"/>
        <line num="48" count="12" type="stmt"/>
        <line num="49" count="12" type="stmt"/>
        <line num="50" count="12" type="stmt"/>
        <line num="51" count="12" type="stmt"/>
        <line num="53" count="12" type="stmt"/>
        <line num="57" count="2" type="stmt"/>
        <line num="59" count="2" type="stmt"/>
        <line num="64" count="12" type="stmt"/>
        <line num="86" count="14" type="stmt"/>
        <line num="90" count="3" type="stmt"/>
        <line num="94" count="1" type="stmt"/>
        <line num="98" count="25" type="stmt"/>
        <line num="102" count="49" type="stmt"/>
        <line num="106" count="49" type="stmt"/>
        <line num="110" count="0" type="stmt"/>
        <line num="116" count="12" type="stmt"/>
        <line num="136" count="12" type="stmt"/>
        <line num="140" count="12" type="stmt"/>
        <line num="143" count="1" type="stmt"/>
        <line num="144" count="1" type="stmt"/>
        <line num="149" count="12" type="stmt"/>
        <line num="153" count="1" type="stmt"/>
        <line num="154" count="1" type="stmt"/>
        <line num="166" count="4" type="stmt"/>
        <line num="168" count="4" type="stmt"/>
        <line num="185" count="4" type="stmt"/>
        <line num="186" count="4" type="cond" truecount="3" falsecount="0"/>
        <line num="187" count="2" type="stmt"/>
        <line num="192" count="4" type="cond" truecount="3" falsecount="0"/>
        <line num="194" count="1" type="stmt"/>
        <line num="198" count="4" type="stmt"/>
        <line num="202" count="1" type="stmt"/>
        <line num="209" count="28" type="stmt"/>
        <line num="210" count="175" type="stmt"/>
        <line num="211" count="175" type="cond" truecount="3" falsecount="0"/>
        <line num="212" count="169" type="stmt"/>
        <line num="215" count="6" type="cond" truecount="3" falsecount="0"/>
        <line num="216" count="2" type="stmt"/>
        <line num="219" count="4" type="cond" truecount="1" falsecount="0"/>
        <line num="220" count="2" type="stmt"/>
        <line num="223" count="2" type="stmt"/>
        <line num="228" count="1" type="cond" truecount="1" falsecount="1"/>
      </file>
    </package>
    <package name="app.services">
      <metrics statements="170" coveredstatements="77" conditionals="4" coveredconditionals="0" methods="95" coveredmethods="6"/>
      <file name="asignaciones-celulas.service.ts" path="C:\Users\Freddy-PC2\Documents\appVS\staffing-frontend-angular\src\app\services\asignaciones-celulas.service.ts">
        <metrics statements="14" coveredstatements="4" conditionals="0" coveredconditionals="0" methods="9" coveredmethods="0"/>
        <line num="1" count="1" type="stmt"/>
        <line num="2" count="1" type="stmt"/>
        <line num="4" count="1" type="stmt"/>
        <line num="9" count="1" type="stmt"/>
        <line num="11" count="0" type="stmt"/>
        <line num="13" count="0" type="stmt"/>
        <line num="20" count="0" type="stmt"/>
        <line num="34" count="0" type="stmt"/>
        <line num="49" count="0" type="stmt"/>
        <line num="56" count="0" type="stmt"/>
        <line num="67" count="0" type="stmt"/>
        <line num="78" count="0" type="stmt"/>
        <line num="88" count="0" type="stmt"/>
        <line num="95" count="0" type="stmt"/>
      </file>
      <file name="asignaciones-tribus.service.ts" path="C:\Users\Freddy-PC2\Documents\appVS\staffing-frontend-angular\src\app\services\asignaciones-tribus.service.ts">
        <metrics statements="14" coveredstatements="4" conditionals="0" coveredconditionals="0" methods="9" coveredmethods="0"/>
        <line num="1" count="1" type="stmt"/>
        <line num="2" count="1" type="stmt"/>
        <line num="3" count="1" type="stmt"/>
        <line num="9" count="1" type="stmt"/>
        <line num="11" count="0" type="stmt"/>
        <line num="13" count="0" type="stmt"/>
        <line num="22" count="0" type="stmt"/>
        <line num="36" count="0" type="stmt"/>
        <line num="49" count="0" type="stmt"/>
        <line num="61" count="0" type="stmt"/>
        <line num="72" count="0" type="stmt"/>
        <line num="82" count="0" type="stmt"/>
        <line num="93" count="0" type="stmt"/>
        <line num="103" count="0" type="stmt"/>
      </file>
      <file name="celula.service.ts" path="C:\Users\Freddy-PC2\Documents\appVS\staffing-frontend-angular\src\app\services\celula.service.ts">
        <metrics statements="12" coveredstatements="4" conditionals="0" coveredconditionals="0" methods="7" coveredmethods="0"/>
        <line num="1" count="1" type="stmt"/>
        <line num="2" count="1" type="stmt"/>
        <line num="3" count="1" type="stmt"/>
        <line num="8" count="1" type="stmt"/>
        <line num="9" count="0" type="stmt"/>
        <line num="11" count="0" type="stmt"/>
        <line num="20" count="0" type="stmt"/>
        <line num="32" count="0" type="stmt"/>
        <line num="43" count="0" type="stmt"/>
        <line num="51" count="0" type="stmt"/>
        <line num="61" count="0" type="stmt"/>
        <line num="70" count="0" type="stmt"/>
      </file>
      <file name="chapter.service.ts" path="C:\Users\Freddy-PC2\Documents\appVS\staffing-frontend-angular\src\app\services\chapter.service.ts">
        <metrics statements="9" coveredstatements="4" conditionals="0" coveredconditionals="0" methods="4" coveredmethods="0"/>
        <line num="1" count="1" type="stmt"/>
        <line num="2" count="1" type="stmt"/>
        <line num="5" count="1" type="stmt"/>
        <line num="9" count="1" type="stmt"/>
        <line num="11" count="0" type="stmt"/>
        <line num="13" count="0" type="stmt"/>
        <line num="22" count="0" type="stmt"/>
        <line num="33" count="0" type="stmt"/>
        <line num="43" count="0" type="stmt"/>
      </file>
      <file name="country.service.ts" path="C:\Users\Freddy-PC2\Documents\appVS\staffing-frontend-angular\src\app\services\country.service.ts">
        <metrics statements="7" coveredstatements="4" conditionals="0" coveredconditionals="0" methods="2" coveredmethods="0"/>
        <line num="1" count="1" type="stmt"/>
        <line num="2" count="1" type="stmt"/>
        <line num="4" count="1" type="stmt"/>
        <line num="8" count="1" type="stmt"/>
        <line num="10" count="0" type="stmt"/>
        <line num="12" count="0" type="stmt"/>
        <line num="21" count="0" type="stmt"/>
      </file>
      <file name="index.ts" path="C:\Users\Freddy-PC2\Documents\appVS\staffing-frontend-angular\src\app\services\index.ts">
        <metrics statements="15" coveredstatements="15" conditionals="0" coveredconditionals="0" methods="15" coveredmethods="4"/>
        <line num="1" count="14" type="stmt"/>
        <line num="2" count="1" type="stmt"/>
        <line num="3" count="1" type="stmt"/>
        <line num="4" count="14" type="stmt"/>
        <line num="5" count="1" type="stmt"/>
        <line num="6" count="14" type="stmt"/>
        <line num="7" count="1" type="stmt"/>
        <line num="8" count="1" type="stmt"/>
        <line num="9" count="1" type="stmt"/>
        <line num="10" count="1" type="stmt"/>
        <line num="11" count="14" type="stmt"/>
        <line num="12" count="1" type="stmt"/>
        <line num="13" count="1" type="stmt"/>
        <line num="14" count="1" type="stmt"/>
        <line num="15" count="1" type="stmt"/>
      </file>
      <file name="message-bar.service.ts" path="C:\Users\Freddy-PC2\Documents\appVS\staffing-frontend-angular\src\app\services\message-bar.service.ts">
        <metrics statements="8" coveredstatements="3" conditionals="1" coveredconditionals="0" methods="4" coveredmethods="0"/>
        <line num="1" count="1" type="stmt"/>
        <line num="2" count="1" type="stmt"/>
        <line num="6" count="1" type="stmt"/>
        <line num="8" count="0" type="stmt"/>
        <line num="14" count="0" type="stmt"/>
        <line num="24" count="0" type="stmt"/>
        <line num="31" count="0" type="stmt"/>
        <line num="32" count="0" type="stmt"/>
      </file>
      <file name="person-report.service.ts" path="C:\Users\Freddy-PC2\Documents\appVS\staffing-frontend-angular\src\app\services\person-report.service.ts">
        <metrics statements="7" coveredstatements="4" conditionals="0" coveredconditionals="0" methods="2" coveredmethods="0"/>
        <line num="2" count="1" type="stmt"/>
        <line num="3" count="1" type="stmt"/>
        <line num="4" count="1" type="stmt"/>
        <line num="7" count="1" type="stmt"/>
        <line num="9" count="0" type="stmt"/>
        <line num="11" count="0" type="stmt"/>
        <line num="21" count="0" type="stmt"/>
      </file>
      <file name="person.service.ts" path="C:\Users\Freddy-PC2\Documents\appVS\staffing-frontend-angular\src\app\services\person.service.ts">
        <metrics statements="14" coveredstatements="4" conditionals="0" coveredconditionals="0" methods="9" coveredmethods="0"/>
        <line num="1" count="1" type="stmt"/>
        <line num="2" count="1" type="stmt"/>
        <line num="4" count="1" type="stmt"/>
        <line num="9" count="1" type="stmt"/>
        <line num="12" count="0" type="stmt"/>
        <line num="14" count="0" type="stmt"/>
        <line num="24" count="0" type="stmt"/>
        <line num="38" count="0" type="stmt"/>
        <line num="49" count="0" type="stmt"/>
        <line num="60" count="0" type="stmt"/>
        <line num="71" count="0" type="stmt"/>
        <line num="83" count="0" type="stmt"/>
        <line num="94" count="0" type="stmt"/>
        <line num="105" count="0" type="stmt"/>
      </file>
      <file name="profiles.service.ts" path="C:\Users\Freddy-PC2\Documents\appVS\staffing-frontend-angular\src\app\services\profiles.service.ts">
        <metrics statements="9" coveredstatements="4" conditionals="0" coveredconditionals="0" methods="4" coveredmethods="0"/>
        <line num="1" count="1" type="stmt"/>
        <line num="2" count="1" type="stmt"/>
        <line num="5" count="1" type="stmt"/>
        <line num="9" count="1" type="stmt"/>
        <line num="11" count="0" type="stmt"/>
        <line num="13" count="0" type="stmt"/>
        <line num="21" count="0" type="stmt"/>
        <line num="32" count="0" type="stmt"/>
        <line num="41" count="0" type="stmt"/>
      </file>
      <file name="providers.service.ts" path="C:\Users\Freddy-PC2\Documents\appVS\staffing-frontend-angular\src\app\services\providers.service.ts">
        <metrics statements="7" coveredstatements="7" conditionals="0" coveredconditionals="0" methods="2" coveredmethods="2"/>
        <line num="1" count="1" type="stmt"/>
        <line num="2" count="1" type="stmt"/>
        <line num="4" count="1" type="stmt"/>
        <line num="8" count="1" type="stmt"/>
        <line num="10" count="12" type="stmt"/>
        <line num="12" count="12" type="stmt"/>
        <line num="21" count="12" type="stmt"/>
      </file>
      <file name="roles.service.ts" path="C:\Users\Freddy-PC2\Documents\appVS\staffing-frontend-angular\src\app\services\roles.service.ts">
        <metrics statements="7" coveredstatements="4" conditionals="0" coveredconditionals="0" methods="2" coveredmethods="0"/>
        <line num="1" count="1" type="stmt"/>
        <line num="2" count="1" type="stmt"/>
        <line num="3" count="1" type="stmt"/>
        <line num="7" count="1" type="stmt"/>
        <line num="9" count="0" type="stmt"/>
        <line num="11" count="0" type="stmt"/>
        <line num="20" count="0" type="stmt"/>
      </file>
      <file name="seniority.service.ts" path="C:\Users\Freddy-PC2\Documents\appVS\staffing-frontend-angular\src\app\services\seniority.service.ts">
        <metrics statements="7" coveredstatements="4" conditionals="0" coveredconditionals="0" methods="2" coveredmethods="0"/>
        <line num="2" count="1" type="stmt"/>
        <line num="3" count="1" type="stmt"/>
        <line num="4" count="1" type="stmt"/>
        <line num="8" count="1" type="stmt"/>
        <line num="10" count="0" type="stmt"/>
        <line num="12" count="0" type="stmt"/>
        <line num="21" count="0" type="stmt"/>
      </file>
      <file name="skills.service.ts" path="C:\Users\Freddy-PC2\Documents\appVS\staffing-frontend-angular\src\app\services\skills.service.ts">
        <metrics statements="26" coveredstatements="6" conditionals="3" coveredconditionals="0" methods="16" coveredmethods="0"/>
        <line num="1" count="1" type="stmt"/>
        <line num="2" count="1" type="stmt"/>
        <line num="5" count="1" type="stmt"/>
        <line num="6" count="1" type="stmt"/>
        <line num="7" count="1" type="stmt"/>
        <line num="11" count="1" type="stmt"/>
        <line num="13" count="0" type="stmt"/>
        <line num="15" count="0" type="stmt"/>
        <line num="24" count="0" type="stmt"/>
        <line num="33" count="0" type="stmt"/>
        <line num="36" count="0" type="stmt"/>
        <line num="37" count="0" type="stmt"/>
        <line num="53" count="0" type="stmt"/>
        <line num="63" count="0" type="stmt"/>
        <line num="73" count="0" type="stmt"/>
        <line num="83" count="0" type="stmt"/>
        <line num="93" count="0" type="stmt"/>
        <line num="95" count="0" type="stmt"/>
        <line num="96" count="0" type="stmt"/>
        <line num="97" count="0" type="stmt"/>
        <line num="98" count="0" type="cond" truecount="0" falsecount="1"/>
        <line num="99" count="0" type="stmt"/>
        <line num="102" count="0" type="cond" truecount="0" falsecount="2"/>
        <line num="116" count="0" type="stmt"/>
        <line num="126" count="0" type="stmt"/>
        <line num="137" count="0" type="stmt"/>
      </file>
      <file name="tribu.service.ts" path="C:\Users\Freddy-PC2\Documents\appVS\staffing-frontend-angular\src\app\services\tribu.service.ts">
        <metrics statements="10" coveredstatements="4" conditionals="0" coveredconditionals="0" methods="5" coveredmethods="0"/>
        <line num="1" count="1" type="stmt"/>
        <line num="2" count="1" type="stmt"/>
        <line num="3" count="1" type="stmt"/>
        <line num="8" count="1" type="stmt"/>
        <line num="10" count="0" type="stmt"/>
        <line num="12" count="0" type="stmt"/>
        <line num="22" count="0" type="stmt"/>
        <line num="32" count="0" type="stmt"/>
        <line num="44" count="0" type="stmt"/>
        <line num="54" count="0" type="stmt"/>
      </file>
      <file name="utilitary.service.ts" path="C:\Users\Freddy-PC2\Documents\appVS\staffing-frontend-angular\src\app\services\utilitary.service.ts">
        <metrics statements="4" coveredstatements="2" conditionals="0" coveredconditionals="0" methods="3" coveredmethods="0"/>
        <line num="1" count="1" type="stmt"/>
        <line num="5" count="1" type="stmt"/>
        <line num="17" count="0" type="stmt"/>
        <line num="24" count="0" type="stmt"/>
      </file>
    </package>
    <package name="environments">
      <metrics statements="1" coveredstatements="1" conditionals="0" coveredconditionals="0" methods="0" coveredmethods="0"/>
      <file name="environment.ts" path="C:\Users\Freddy-PC2\Documents\appVS\staffing-frontend-angular\src\environments\environment.ts">
        <metrics statements="1" coveredstatements="1" conditionals="0" coveredconditionals="0" methods="0" coveredmethods="0"/>
        <line num="5" count="1" type="stmt"/>
      </file>
    </package>
  </project>
</coverage>
