{"C:\\Users\\Freddy-PC2\\Documents\\appVS\\staffing-frontend-angular\\src\\app\\common\\components\\common.module.ts": {"path":"C:\\Users\\Freddy-PC2\\Documents\\appVS\\staffing-frontend-angular\\src\\app\\common\\components\\common.module.ts","statementMap":{"0":{"start":{"line":1,"column":0},"end":{"line":1,"column":63}},"1":{"start":{"line":2,"column":0},"end":{"line":2,"column":63}},"2":{"start":{"line":3,"column":0},"end":{"line":3,"column":75}},"3":{"start":{"line":4,"column":0},"end":{"line":4,"column":45}},"4":{"start":{"line":5,"column":0},"end":{"line":5,"column":64}},"5":{"start":{"line":6,"column":0},"end":{"line":6,"column":72}},"6":{"start":{"line":7,"column":0},"end":{"line":7,"column":55}},"7":{"start":{"line":8,"column":0},"end":{"line":8,"column":55}},"8":{"start":{"line":9,"column":0},"end":{"line":9,"column":76}},"9":{"start":{"line":10,"column":0},"end":{"line":10,"column":74}},"10":{"start":{"line":11,"column":0},"end":{"line":11,"column":55}},"11":{"start":{"line":12,"column":0},"end":{"line":12,"column":89}},"12":{"start":{"line":44,"column":31},"end":{"line":45,"column":null}},"13":{"start":{"line":44,"column":13},"end":{"line":45,"column":null}},"14":{"start":{"line":44,"column":13},"end":{"line":44,"column":31}}},"fnMap":{},"branchMap":{},"s":{"0":1,"1":1,"2":1,"3":1,"4":1,"5":1,"6":1,"7":1,"8":1,"9":1,"10":1,"11":1,"12":1,"13":1,"14":1},"f":{},"b":{}}
,"C:\\Users\\Freddy-PC2\\Documents\\appVS\\staffing-frontend-angular\\src\\app\\common\\components\\custom-input\\custom-input.component.html": {"path":"C:\\Users\\Freddy-PC2\\Documents\\appVS\\staffing-frontend-angular\\src\\app\\common\\components\\custom-input\\custom-input.component.html","statementMap":{"0":{"start":{"line":1,"column":0},"end":{"line":1,"column":3916}}},"fnMap":{},"branchMap":{},"s":{"0":1},"f":{},"b":{},"inputSourceMap":null,"_coverageSchema":"1a1c01bbd47fc00a2c39e90264f33305004495a9","hash":"1ee0d708fcc3f7a2eeb7d4778c18073ebd770973"}
,"C:\\Users\\Freddy-PC2\\Documents\\appVS\\staffing-frontend-angular\\src\\app\\common\\components\\custom-input\\custom-input.component.ts": {"path":"C:\\Users\\Freddy-PC2\\Documents\\appVS\\staffing-frontend-angular\\src\\app\\common\\components\\custom-input\\custom-input.component.ts","statementMap":{"0":{"start":{"line":1,"column":0},"end":{"line":1,"column":77}},"1":{"start":{"line":2,"column":0},"end":{"line":2,"column":21}},"2":{"start":{"line":15,"column":33},"end":{"line":71,"column":null}},"3":{"start":{"line":42,"column":22},"end":{"line":42,"column":31}},"4":{"start":{"line":16,"column":11},"end":{"line":16,"column":35}},"5":{"start":{"line":17,"column":11},"end":{"line":17,"column":37}},"6":{"start":{"line":18,"column":11},"end":{"line":18,"column":33}},"7":{"start":{"line":19,"column":11},"end":{"line":19,"column":35}},"8":{"start":{"line":20,"column":11},"end":{"line":20,"column":52}},"9":{"start":{"line":21,"column":11},"end":{"line":21,"column":27}},"10":{"start":{"line":22,"column":11},"end":{"line":22,"column":33}},"11":{"start":{"line":23,"column":11},"end":{"line":23,"column":35}},"12":{"start":{"line":24,"column":11},"end":{"line":24,"column":35}},"13":{"start":{"line":25,"column":11},"end":{"line":25,"column":37}},"14":{"start":{"line":26,"column":11},"end":{"line":26,"column":37}},"15":{"start":{"line":27,"column":11},"end":{"line":27,"column":36}},"16":{"start":{"line":29,"column":11},"end":{"line":29,"column":42}},"17":{"start":{"line":30,"column":11},"end":{"line":30,"column":42}},"18":{"start":{"line":31,"column":11},"end":{"line":31,"column":32}},"19":{"start":{"line":32,"column":11},"end":{"line":32,"column":29}},"20":{"start":{"line":34,"column":11},"end":{"line":34,"column":42}},"21":{"start":{"line":35,"column":11},"end":{"line":35,"column":44}},"22":{"start":{"line":36,"column":11},"end":{"line":36,"column":38}},"23":{"start":{"line":37,"column":11},"end":{"line":37,"column":46}},"24":{"start":{"line":39,"column":11},"end":{"line":39,"column":null}},"25":{"start":{"line":40,"column":12},"end":{"line":40,"column":null}},"26":{"start":{"line":49,"column":18},"end":{"line":49,"column":46}},"27":{"start":{"line":50,"column":4},"end":{"line":52,"column":null}},"28":{"start":{"line":51,"column":6},"end":{"line":51,"column":29}},"29":{"start":{"line":56,"column":4},"end":{"line":56,"column":48}},"30":{"start":{"line":60,"column":4},"end":{"line":60,"column":64}},"31":{"start":{"line":64,"column":4},"end":{"line":64,"column":34}},"32":{"start":{"line":68,"column":4},"end":{"line":68,"column":null}},"33":{"start":{"line":15,"column":13},"end":{"line":71,"column":null}},"34":{"start":{"line":15,"column":13},"end":{"line":15,"column":33}}},"fnMap":{"0":{"name":"(anonymous_0)","decl":{"start":{"line":42,"column":2},"end":{"line":42,"column":22}},"loc":{"start":{"line":42,"column":40},"end":{"line":43,"column":3}}},"1":{"name":"(anonymous_1)","decl":{"start":{"line":45,"column":2},"end":{"line":45,"column":10}},"loc":{"start":{"line":45,"column":10},"end":{"line":46,"column":3}}},"2":{"name":"(anonymous_2)","decl":{"start":{"line":48,"column":2},"end":{"line":48,"column":13}},"loc":{"start":{"line":48,"column":24},"end":{"line":53,"column":3}}},"3":{"name":"(anonymous_3)","decl":{"start":{"line":55,"column":2},"end":{"line":55,"column":6}},"loc":{"start":{"line":55,"column":17},"end":{"line":57,"column":3}}},"4":{"name":"(anonymous_4)","decl":{"start":{"line":59,"column":2},"end":{"line":59,"column":6}},"loc":{"start":{"line":59,"column":15},"end":{"line":61,"column":3}}},"5":{"name":"(anonymous_5)","decl":{"start":{"line":63,"column":2},"end":{"line":63,"column":6}},"loc":{"start":{"line":63,"column":16},"end":{"line":65,"column":3}}},"6":{"name":"(anonymous_6)","decl":{"start":{"line":67,"column":2},"end":{"line":67,"column":13}},"loc":{"start":{"line":67,"column":13},"end":{"line":69,"column":3}}}},"branchMap":{"0":{"loc":{"start":{"line":50,"column":4},"end":{"line":52,"column":null}},"type":"if","locations":[{"start":{"line":50,"column":4},"end":{"line":52,"column":null}}]},"1":{"loc":{"start":{"line":50,"column":8},"end":{"line":50,"column":74}},"type":"binary-expr","locations":[{"start":{"line":50,"column":8},"end":{"line":50,"column":24}},{"start":{"line":50,"column":28},"end":{"line":50,"column":74}}]},"2":{"loc":{"start":{"line":60,"column":11},"end":{"line":60,"column":63}},"type":"binary-expr","locations":[{"start":{"line":60,"column":11},"end":{"line":60,"column":35}},{"start":{"line":60,"column":39},"end":{"line":60,"column":63}}]}},"s":{"0":1,"1":1,"2":1,"3":60,"4":60,"5":60,"6":60,"7":60,"8":60,"9":60,"10":60,"11":60,"12":60,"13":60,"14":60,"15":60,"16":60,"17":60,"18":60,"19":60,"20":60,"21":60,"22":60,"23":60,"24":60,"25":60,"26":0,"27":0,"28":0,"29":240,"30":120,"31":0,"32":0,"33":1,"34":1},"f":{"0":60,"1":60,"2":0,"3":240,"4":120,"5":0,"6":0},"b":{"0":[0],"1":[0,0],"2":[120,0]}}
,"C:\\Users\\Freddy-PC2\\Documents\\appVS\\staffing-frontend-angular\\src\\app\\common\\components\\error\\error.component.html": {"path":"C:\\Users\\Freddy-PC2\\Documents\\appVS\\staffing-frontend-angular\\src\\app\\common\\components\\error\\error.component.html","statementMap":{"0":{"start":{"line":1,"column":0},"end":{"line":1,"column":1177}}},"fnMap":{},"branchMap":{},"s":{"0":1},"f":{},"b":{},"inputSourceMap":null,"_coverageSchema":"1a1c01bbd47fc00a2c39e90264f33305004495a9","hash":"67907c8b1d2af0ed54429bc4c5c71b05dab2de5a"}
,"C:\\Users\\Freddy-PC2\\Documents\\appVS\\staffing-frontend-angular\\src\\app\\common\\components\\error\\error.component.ts": {"path":"C:\\Users\\Freddy-PC2\\Documents\\appVS\\staffing-frontend-angular\\src\\app\\common\\components\\error\\error.component.ts","statementMap":{"0":{"start":{"line":1,"column":0},"end":{"line":1,"column":57}},"1":{"start":{"line":8,"column":27},"end":{"line":18,"column":null}},"2":{"start":{"line":11,"column":11},"end":{"line":11,"column":null}},"3":{"start":{"line":12,"column":11},"end":{"line":12,"column":null}},"4":{"start":{"line":8,"column":13},"end":{"line":18,"column":null}},"5":{"start":{"line":8,"column":13},"end":{"line":8,"column":27}}},"fnMap":{"0":{"name":"(anonymous_0)","decl":{"start":{"line":14,"column":2},"end":{"line":14,"column":18}},"loc":{"start":{"line":14,"column":2},"end":{"line":14,"column":19}}},"1":{"name":"(anonymous_1)","decl":{"start":{"line":16,"column":2},"end":{"line":16,"column":10}},"loc":{"start":{"line":16,"column":10},"end":{"line":16,"column":22}}}},"branchMap":{},"s":{"0":1,"1":1,"2":0,"3":0,"4":1,"5":1},"f":{"0":0,"1":0},"b":{}}
,"C:\\Users\\Freddy-PC2\\Documents\\appVS\\staffing-frontend-angular\\src\\app\\common\\components\\message-bar\\message-bar.component.html": {"path":"C:\\Users\\Freddy-PC2\\Documents\\appVS\\staffing-frontend-angular\\src\\app\\common\\components\\message-bar\\message-bar.component.html","statementMap":{"0":{"start":{"line":1,"column":0},"end":{"line":1,"column":247}}},"fnMap":{},"branchMap":{},"s":{"0":1},"f":{},"b":{},"inputSourceMap":null,"_coverageSchema":"1a1c01bbd47fc00a2c39e90264f33305004495a9","hash":"e64b33d58fbae3f05292be80ba61eb6dcc9d9c50"}
,"C:\\Users\\Freddy-PC2\\Documents\\appVS\\staffing-frontend-angular\\src\\app\\common\\components\\message-bar\\message-bar.component.ts": {"path":"C:\\Users\\Freddy-PC2\\Documents\\appVS\\staffing-frontend-angular\\src\\app\\common\\components\\message-bar\\message-bar.component.ts","statementMap":{"0":{"start":{"line":1,"column":0},"end":{"line":1,"column":55}},"1":{"start":{"line":8,"column":32},"end":{"line":25,"column":null}},"2":{"start":{"line":10,"column":11},"end":{"line":10,"column":null}},"3":{"start":{"line":11,"column":11},"end":{"line":11,"column":null}},"4":{"start":{"line":12,"column":11},"end":{"line":12,"column":null}},"5":{"start":{"line":13,"column":11},"end":{"line":13,"column":null}},"6":{"start":{"line":19,"column":4},"end":{"line":23,"column":7}},"7":{"start":{"line":8,"column":13},"end":{"line":25,"column":null}},"8":{"start":{"line":8,"column":13},"end":{"line":8,"column":32}}},"fnMap":{"0":{"name":"(anonymous_0)","decl":{"start":{"line":15,"column":2},"end":{"line":15,"column":null}},"loc":{"start":{"line":15,"column":2},"end":{"line":16,"column":3}}},"1":{"name":"(anonymous_1)","decl":{"start":{"line":18,"column":2},"end":{"line":18,"column":10}},"loc":{"start":{"line":18,"column":10},"end":{"line":24,"column":3}}}},"branchMap":{},"s":{"0":1,"1":1,"2":0,"3":0,"4":0,"5":0,"6":0,"7":1,"8":1},"f":{"0":0,"1":0},"b":{}}
,"C:\\Users\\Freddy-PC2\\Documents\\appVS\\staffing-frontend-angular\\src\\app\\common\\components\\p-select\\p-select.component.html": {"path":"C:\\Users\\Freddy-PC2\\Documents\\appVS\\staffing-frontend-angular\\src\\app\\common\\components\\p-select\\p-select.component.html","statementMap":{"0":{"start":{"line":1,"column":0},"end":{"line":1,"column":3325}}},"fnMap":{},"branchMap":{},"s":{"0":1},"f":{},"b":{},"inputSourceMap":null,"_coverageSchema":"1a1c01bbd47fc00a2c39e90264f33305004495a9","hash":"9f20ff84fe309f809f722a6bda394f2d2890fbce"}
,"C:\\Users\\Freddy-PC2\\Documents\\appVS\\staffing-frontend-angular\\src\\app\\common\\components\\p-select\\p-select.component.ts": {"path":"C:\\Users\\Freddy-PC2\\Documents\\appVS\\staffing-frontend-angular\\src\\app\\common\\components\\p-select\\p-select.component.ts","statementMap":{"0":{"start":{"line":1,"column":0},"end":{"line":1,"column":null}},"1":{"start":{"line":13,"column":0},"end":{"line":13,"column":71}},"2":{"start":{"line":14,"column":0},"end":{"line":14,"column":93}},"3":{"start":{"line":15,"column":0},"end":{"line":15,"column":61}},"4":{"start":{"line":30,"column":29},"end":{"line":179,"column":null}},"5":{"start":{"line":55,"column":22},"end":{"line":55,"column":32}},"6":{"start":{"line":57,"column":22},"end":{"line":57,"column":28}},"7":{"start":{"line":34,"column":11},"end":{"line":34,"column":null}},"8":{"start":{"line":35,"column":11},"end":{"line":35,"column":null}},"9":{"start":{"line":36,"column":11},"end":{"line":36,"column":null}},"10":{"start":{"line":42,"column":11},"end":{"line":42,"column":null}},"11":{"start":{"line":44,"column":11},"end":{"line":44,"column":null}},"12":{"start":{"line":45,"column":11},"end":{"line":45,"column":null}},"13":{"start":{"line":47,"column":11},"end":{"line":47,"column":null}},"14":{"start":{"line":53,"column":2},"end":{"line":53,"column":null}},"15":{"start":{"line":77,"column":10},"end":{"line":78,"column":4}},"16":{"start":{"line":80,"column":10},"end":{"line":81,"column":4}},"17":{"start":{"line":133,"column":2},"end":{"line":134,"column":null}},"18":{"start":{"line":134,"column":4},"end":{"line":134,"column":83}},"19":{"start":{"line":134,"column":25},"end":{"line":134,"column":82}},"20":{"start":{"line":173,"column":2},"end":{"line":177,"column":null}},"21":{"start":{"line":174,"column":4},"end":{"line":175,"column":null}},"22":{"start":{"line":175,"column":6},"end":{"line":175,"column":null}},"23":{"start":{"line":176,"column":4},"end":{"line":176,"column":null}},"24":{"start":{"line":176,"column":35},"end":{"line":176,"column":64}},"25":{"start":{"line":61,"column":4},"end":{"line":63,"column":null}},"26":{"start":{"line":67,"column":4},"end":{"line":67,"column":null}},"27":{"start":{"line":71,"column":4},"end":{"line":74,"column":null}},"28":{"start":{"line":72,"column":6},"end":{"line":72,"column":null}},"29":{"start":{"line":73,"column":6},"end":{"line":73,"column":null}},"30":{"start":{"line":85,"column":4},"end":{"line":85,"column":null}},"31":{"start":{"line":86,"column":4},"end":{"line":86,"column":48}},"32":{"start":{"line":90,"column":4},"end":{"line":90,"column":23}},"33":{"start":{"line":94,"column":4},"end":{"line":94,"column":24}},"34":{"start":{"line":98,"column":4},"end":{"line":98,"column":null}},"35":{"start":{"line":102,"column":4},"end":{"line":102,"column":null}},"36":{"start":{"line":106,"column":4},"end":{"line":106,"column":null}},"37":{"start":{"line":110,"column":4},"end":{"line":110,"column":null}},"38":{"start":{"line":112,"column":4},"end":{"line":112,"column":null}},"39":{"start":{"line":114,"column":4},"end":{"line":114,"column":null}},"40":{"start":{"line":114,"column":21},"end":{"line":114,"column":46}},"41":{"start":{"line":116,"column":4},"end":{"line":130,"column":null}},"42":{"start":{"line":117,"column":6},"end":{"line":117,"column":null}},"43":{"start":{"line":117,"column":23},"end":{"line":117,"column":63}},"44":{"start":{"line":119,"column":6},"end":{"line":129,"column":null}},"45":{"start":{"line":124,"column":37},"end":{"line":124,"column":57}},"46":{"start":{"line":127,"column":12},"end":{"line":127,"column":71}},"47":{"start":{"line":137,"column":4},"end":{"line":137,"column":null}},"48":{"start":{"line":138,"column":4},"end":{"line":138,"column":null}},"49":{"start":{"line":139,"column":4},"end":{"line":139,"column":null}},"50":{"start":{"line":140,"column":4},"end":{"line":140,"column":null}},"51":{"start":{"line":141,"column":4},"end":{"line":141,"column":null}},"52":{"start":{"line":141,"column":21},"end":{"line":141,"column":38}},"53":{"start":{"line":145,"column":4},"end":{"line":145,"column":null}},"54":{"start":{"line":149,"column":4},"end":{"line":149,"column":null}},"55":{"start":{"line":150,"column":4},"end":{"line":150,"column":40}},"56":{"start":{"line":151,"column":4},"end":{"line":151,"column":null}},"57":{"start":{"line":156,"column":4},"end":{"line":156,"column":null}},"58":{"start":{"line":158,"column":4},"end":{"line":170,"column":10}},"59":{"start":{"line":159,"column":6},"end":{"line":170,"column":10}},"60":{"start":{"line":163,"column":27},"end":{"line":163,"column":65}},"61":{"start":{"line":164,"column":12},"end":{"line":164,"column":83}},"62":{"start":{"line":169,"column":10},"end":{"line":169,"column":31}},"63":{"start":{"line":30,"column":13},"end":{"line":179,"column":null}},"64":{"start":{"line":25,"column":36},"end":{"line":25,"column":52}},"65":{"start":{"line":30,"column":13},"end":{"line":30,"column":29}},"66":{"start":{"line":181,"column":0},"end":{"line":181,"column":null}},"67":{"start":{"line":182,"column":2},"end":{"line":182,"column":null}},"68":{"start":{"line":183,"column":2},"end":{"line":183,"column":null}},"69":{"start":{"line":184,"column":2},"end":{"line":184,"column":null}},"70":{"start":{"line":185,"column":2},"end":{"line":185,"column":null}},"71":{"start":{"line":188,"column":0},"end":{"line":188,"column":null}},"72":{"start":{"line":189,"column":2},"end":{"line":189,"column":null}},"73":{"start":{"line":190,"column":2},"end":{"line":190,"column":null}},"74":{"start":{"line":191,"column":2},"end":{"line":191,"column":null}},"75":{"start":{"line":192,"column":2},"end":{"line":192,"column":null}}},"fnMap":{"0":{"name":"(anonymous_0)","decl":{"start":{"line":55,"column":2},"end":{"line":55,"column":22}},"loc":{"start":{"line":57,"column":51},"end":{"line":58,"column":3}}},"1":{"name":"(anonymous_1)","decl":{"start":{"line":77,"column":21},"end":{"line":77,"column":22}},"loc":{"start":{"line":77,"column":36},"end":{"line":78,"column":3}}},"2":{"name":"(anonymous_2)","decl":{"start":{"line":80,"column":22},"end":{"line":80,"column":25}},"loc":{"start":{"line":80,"column":27},"end":{"line":81,"column":3}}},"3":{"name":"(anonymous_3)","decl":{"start":{"line":133,"column":16},"end":{"line":133,"column":17}},"loc":{"start":{"line":134,"column":4},"end":{"line":134,"column":83}}},"4":{"name":"(anonymous_4)","decl":{"start":{"line":134,"column":17},"end":{"line":134,"column":21}},"loc":{"start":{"line":134,"column":25},"end":{"line":134,"column":82}}},"5":{"name":"(anonymous_5)","decl":{"start":{"line":173,"column":19},"end":{"line":173,"column":20}},"loc":{"start":{"line":173,"column":46},"end":{"line":177,"column":3}}},"6":{"name":"(anonymous_6)","decl":{"start":{"line":176,"column":27},"end":{"line":176,"column":31}},"loc":{"start":{"line":176,"column":35},"end":{"line":176,"column":64}}},"7":{"name":"(anonymous_7)","decl":{"start":{"line":60,"column":2},"end":{"line":60,"column":6}},"loc":{"start":{"line":60,"column":20},"end":{"line":64,"column":3}}},"8":{"name":"(anonymous_8)","decl":{"start":{"line":66,"column":2},"end":{"line":66,"column":10}},"loc":{"start":{"line":66,"column":10},"end":{"line":68,"column":3}}},"9":{"name":"(anonymous_9)","decl":{"start":{"line":70,"column":2},"end":{"line":70,"column":13}},"loc":{"start":{"line":70,"column":36},"end":{"line":75,"column":3}}},"10":{"name":"(anonymous_10)","decl":{"start":{"line":84,"column":2},"end":{"line":84,"column":12}},"loc":{"start":{"line":84,"column":23},"end":{"line":87,"column":3}}},"11":{"name":"(anonymous_11)","decl":{"start":{"line":89,"column":2},"end":{"line":89,"column":18}},"loc":{"start":{"line":89,"column":43},"end":{"line":91,"column":3}}},"12":{"name":"(anonymous_12)","decl":{"start":{"line":93,"column":2},"end":{"line":93,"column":19}},"loc":{"start":{"line":93,"column":34},"end":{"line":95,"column":3}}},"13":{"name":"(anonymous_13)","decl":{"start":{"line":97,"column":2},"end":{"line":97,"column":6}},"loc":{"start":{"line":97,"column":12},"end":{"line":99,"column":3}}},"14":{"name":"(anonymous_14)","decl":{"start":{"line":101,"column":2},"end":{"line":101,"column":6}},"loc":{"start":{"line":101,"column":19},"end":{"line":103,"column":3}}},"15":{"name":"(anonymous_15)","decl":{"start":{"line":105,"column":2},"end":{"line":105,"column":19}},"loc":{"start":{"line":105,"column":31},"end":{"line":107,"column":3}}},"16":{"name":"(anonymous_16)","decl":{"start":{"line":109,"column":2},"end":{"line":109,"column":15}},"loc":{"start":{"line":109,"column":15},"end":{"line":131,"column":3}}},"17":{"name":"(anonymous_17)","decl":{"start":{"line":114,"column":15},"end":{"line":114,"column":18}},"loc":{"start":{"line":114,"column":21},"end":{"line":114,"column":46}}},"18":{"name":"(anonymous_18)","decl":{"start":{"line":117,"column":17},"end":{"line":117,"column":20}},"loc":{"start":{"line":117,"column":23},"end":{"line":117,"column":63}}},"19":{"name":"(anonymous_19)","decl":{"start":{"line":124,"column":27},"end":{"line":124,"column":33}},"loc":{"start":{"line":124,"column":37},"end":{"line":124,"column":57}}},"20":{"name":"(anonymous_20)","decl":{"start":{"line":126,"column":19},"end":{"line":126,"column":25}},"loc":{"start":{"line":127,"column":12},"end":{"line":127,"column":71}}},"21":{"name":"(anonymous_21)","decl":{"start":{"line":136,"column":2},"end":{"line":136,"column":16}},"loc":{"start":{"line":136,"column":16},"end":{"line":142,"column":3}}},"22":{"name":"(anonymous_22)","decl":{"start":{"line":141,"column":15},"end":{"line":141,"column":18}},"loc":{"start":{"line":141,"column":21},"end":{"line":141,"column":38}}},"23":{"name":"(anonymous_23)","decl":{"start":{"line":144,"column":2},"end":{"line":144,"column":10}},"loc":{"start":{"line":144,"column":20},"end":{"line":146,"column":3}}},"24":{"name":"(anonymous_24)","decl":{"start":{"line":148,"column":2},"end":{"line":148,"column":13}},"loc":{"start":{"line":148,"column":23},"end":{"line":152,"column":3}}},"25":{"name":"(anonymous_25)","decl":{"start":{"line":154,"column":10},"end":{"line":154,"column":28}},"loc":{"start":{"line":154,"column":28},"end":{"line":171,"column":3}}},"26":{"name":"(anonymous_26)","decl":{"start":{"line":162,"column":17},"end":{"line":162,"column":18}},"loc":{"start":{"line":162,"column":28},"end":{"line":165,"column":11}}},"27":{"name":"(anonymous_27)","decl":{"start":{"line":168,"column":19},"end":{"line":168,"column":22}},"loc":{"start":{"line":169,"column":10},"end":{"line":169,"column":31}}},"28":{"name":"(anonymous_29)","decl":{"start":{"line":25,"column":30},"end":{"line":25,"column":33}},"loc":{"start":{"line":25,"column":36},"end":{"line":25,"column":52}}},"29":{"name":"(anonymous_30)","decl":{"start":{"line":181,"column":0},"end":{"line":181,"column":12}},"loc":{"start":{"line":181,"column":21},"end":{"line":186,"column":1}}},"30":{"name":"(anonymous_31)","decl":{"start":{"line":188,"column":0},"end":{"line":188,"column":12}},"loc":{"start":{"line":188,"column":21},"end":{"line":193,"column":1}}}},"branchMap":{"0":{"loc":{"start":{"line":174,"column":4},"end":{"line":175,"column":null}},"type":"if","locations":[{"start":{"line":174,"column":4},"end":{"line":175,"column":null}}]},"1":{"loc":{"start":{"line":61,"column":11},"end":{"line":63,"column":52}},"type":"cond-expr","locations":[{"start":{"line":62,"column":6},"end":{"line":62,"column":26}},{"start":{"line":63,"column":9},"end":{"line":63,"column":51}}]},"2":{"loc":{"start":{"line":61,"column":11},"end":{"line":61,"column":29}},"type":"cond-expr","locations":[{"start":{"line":61,"column":21},"end":{"line":61,"column":23}},{"start":{"line":61,"column":21},"end":{"line":61,"column":29}}]},"3":{"loc":{"start":{"line":61,"column":11},"end":{"line":61,"column":23}},"type":"binary-expr","locations":[{"start":{"line":61,"column":11},"end":{"line":61,"column":23}},{"start":{"line":61,"column":21},"end":{"line":61,"column":23}}]},"4":{"loc":{"start":{"line":63,"column":9},"end":{"line":63,"column":51}},"type":"binary-expr","locations":[{"start":{"line":63,"column":9},"end":{"line":63,"column":27}},{"start":{"line":63,"column":31},"end":{"line":63,"column":51}}]},"5":{"loc":{"start":{"line":63,"column":9},"end":{"line":63,"column":27}},"type":"cond-expr","locations":[{"start":{"line":63,"column":19},"end":{"line":63,"column":21}},{"start":{"line":63,"column":19},"end":{"line":63,"column":27}}]},"6":{"loc":{"start":{"line":63,"column":9},"end":{"line":63,"column":21}},"type":"binary-expr","locations":[{"start":{"line":63,"column":9},"end":{"line":63,"column":21}},{"start":{"line":63,"column":19},"end":{"line":63,"column":21}}]},"7":{"loc":{"start":{"line":71,"column":4},"end":{"line":74,"column":null}},"type":"if","locations":[{"start":{"line":71,"column":4},"end":{"line":74,"column":null}}]},"8":{"loc":{"start":{"line":86,"column":21},"end":{"line":86,"column":47}},"type":"cond-expr","locations":[{"start":{"line":86,"column":37},"end":{"line":86,"column":39}},{"start":{"line":86,"column":42},"end":{"line":86,"column":47}}]},"9":{"loc":{"start":{"line":106,"column":44},"end":{"line":106,"column":67}},"type":"binary-expr","locations":[{"start":{"line":106,"column":44},"end":{"line":106,"column":49}},{"start":{"line":106,"column":53},"end":{"line":106,"column":67}}]},"10":{"loc":{"start":{"line":116,"column":4},"end":{"line":130,"column":null}},"type":"if","locations":[{"start":{"line":116,"column":4},"end":{"line":130,"column":null}}]},"11":{"loc":{"start":{"line":137,"column":4},"end":{"line":137,"column":64}},"type":"binary-expr","locations":[{"start":{"line":137,"column":4},"end":{"line":137,"column":25}},{"start":{"line":137,"column":29},"end":{"line":137,"column":64}}]},"12":{"loc":{"start":{"line":138,"column":4},"end":{"line":138,"column":40}},"type":"binary-expr","locations":[{"start":{"line":138,"column":4},"end":{"line":138,"column":13}},{"start":{"line":138,"column":17},"end":{"line":138,"column":40}}]},"13":{"loc":{"start":{"line":139,"column":4},"end":{"line":139,"column":98}},"type":"binary-expr","locations":[{"start":{"line":139,"column":4},"end":{"line":139,"column":22}},{"start":{"line":139,"column":26},"end":{"line":139,"column":98}}]},"14":{"loc":{"start":{"line":145,"column":11},"end":{"line":145,"column":90}},"type":"binary-expr","locations":[{"start":{"line":145,"column":11},"end":{"line":145,"column":28}},{"start":{"line":145,"column":32},"end":{"line":145,"column":90}}]},"15":{"loc":{"start":{"line":156,"column":4},"end":{"line":156,"column":64}},"type":"binary-expr","locations":[{"start":{"line":156,"column":4},"end":{"line":156,"column":25}},{"start":{"line":156,"column":29},"end":{"line":156,"column":64}}]},"16":{"loc":{"start":{"line":158,"column":4},"end":{"line":170,"column":10}},"type":"if","locations":[{"start":{"line":158,"column":4},"end":{"line":170,"column":10}}]},"17":{"loc":{"start":{"line":164,"column":19},"end":{"line":164,"column":82}},"type":"binary-expr","locations":[{"start":{"line":164,"column":19},"end":{"line":164,"column":30}},{"start":{"line":164,"column":34},"end":{"line":164,"column":82}}]},"18":{"loc":{"start":{"line":181,"column":12},"end":{"line":181,"column":null}},"type":"binary-expr","locations":[{"start":{"line":181,"column":12},"end":{"line":181,"column":21}},{"start":{"line":181,"column":12},"end":{"line":181,"column":null}}]},"19":{"loc":{"start":{"line":188,"column":12},"end":{"line":188,"column":null}},"type":"binary-expr","locations":[{"start":{"line":188,"column":12},"end":{"line":188,"column":21}},{"start":{"line":188,"column":12},"end":{"line":188,"column":null}}]}},"s":{"0":1,"1":1,"2":1,"3":1,"4":1,"5":0,"6":0,"7":0,"8":0,"9":0,"10":0,"11":0,"12":0,"13":0,"14":0,"15":0,"16":0,"17":0,"18":0,"19":0,"20":0,"21":0,"22":0,"23":0,"24":0,"25":0,"26":0,"27":0,"28":0,"29":0,"30":0,"31":0,"32":0,"33":0,"34":0,"35":0,"36":0,"37":0,"38":0,"39":0,"40":0,"41":0,"42":0,"43":0,"44":0,"45":0,"46":0,"47":0,"48":0,"49":0,"50":0,"51":0,"52":0,"53":0,"54":0,"55":0,"56":0,"57":0,"58":0,"59":0,"60":0,"61":0,"62":0,"63":1,"64":12,"65":1,"66":1,"67":1,"68":1,"69":1,"70":1,"71":1,"72":1,"73":1,"74":1,"75":1},"f":{"0":0,"1":0,"2":0,"3":0,"4":0,"5":0,"6":0,"7":0,"8":0,"9":0,"10":0,"11":0,"12":0,"13":0,"14":0,"15":0,"16":0,"17":0,"18":0,"19":0,"20":0,"21":0,"22":0,"23":0,"24":0,"25":0,"26":0,"27":0,"28":12,"29":1,"30":1},"b":{"0":[0],"1":[0,0],"2":[0,0],"3":[0,0],"4":[0,0],"5":[0,0],"6":[0,0],"7":[0],"8":[0,0],"9":[0,0],"10":[0],"11":[0,0],"12":[0,0],"13":[0,0],"14":[0,0],"15":[0,0],"16":[0],"17":[0,0],"18":[1,1],"19":[1,1]}}
,"C:\\Users\\Freddy-PC2\\Documents\\appVS\\staffing-frontend-angular\\src\\app\\common\\components\\p-select-multiple\\p-select-multiple.component.html": {"path":"C:\\Users\\Freddy-PC2\\Documents\\appVS\\staffing-frontend-angular\\src\\app\\common\\components\\p-select-multiple\\p-select-multiple.component.html","statementMap":{"0":{"start":{"line":1,"column":0},"end":{"line":1,"column":3493}}},"fnMap":{},"branchMap":{},"s":{"0":1},"f":{},"b":{},"inputSourceMap":null,"_coverageSchema":"1a1c01bbd47fc00a2c39e90264f33305004495a9","hash":"b43fa9dfa5a2cc99944ab735677319a2a42244ff"}
,"C:\\Users\\Freddy-PC2\\Documents\\appVS\\staffing-frontend-angular\\src\\app\\common\\components\\p-select-multiple\\p-select-multiple.component.ts": {"path":"C:\\Users\\Freddy-PC2\\Documents\\appVS\\staffing-frontend-angular\\src\\app\\common\\components\\p-select-multiple\\p-select-multiple.component.ts","statementMap":{"0":{"start":{"line":1,"column":0},"end":{"line":1,"column":19}},"1":{"start":{"line":2,"column":0},"end":{"line":2,"column":56}},"2":{"start":{"line":3,"column":0},"end":{"line":3,"column":45}},"3":{"start":{"line":4,"column":0},"end":{"line":4,"column":50}},"4":{"start":{"line":11,"column":37},"end":{"line":125,"column":null}},"5":{"start":{"line":42,"column":22},"end":{"line":42,"column":28}},"6":{"start":{"line":13,"column":2},"end":{"line":13,"column":39}},"7":{"start":{"line":19,"column":11},"end":{"line":19,"column":null}},"8":{"start":{"line":20,"column":11},"end":{"line":20,"column":null}},"9":{"start":{"line":21,"column":11},"end":{"line":21,"column":null}},"10":{"start":{"line":27,"column":11},"end":{"line":27,"column":null}},"11":{"start":{"line":29,"column":11},"end":{"line":29,"column":null}},"12":{"start":{"line":30,"column":11},"end":{"line":30,"column":null}},"13":{"start":{"line":31,"column":12},"end":{"line":31,"column":null}},"14":{"start":{"line":33,"column":2},"end":{"line":33,"column":null}},"15":{"start":{"line":36,"column":2},"end":{"line":36,"column":null}},"16":{"start":{"line":38,"column":2},"end":{"line":40,"column":88}},"17":{"start":{"line":48,"column":8},"end":{"line":48,"column":15}},"18":{"start":{"line":49,"column":4},"end":{"line":52,"column":null}},"19":{"start":{"line":50,"column":6},"end":{"line":50,"column":null}},"20":{"start":{"line":51,"column":6},"end":{"line":51,"column":null}},"21":{"start":{"line":56,"column":4},"end":{"line":58,"column":null}},"22":{"start":{"line":62,"column":4},"end":{"line":62,"column":null}},"23":{"start":{"line":66,"column":22},"end":{"line":66,"column":32}},"24":{"start":{"line":68,"column":4},"end":{"line":71,"column":36}},"25":{"start":{"line":69,"column":6},"end":{"line":69,"column":34}},"26":{"start":{"line":71,"column":6},"end":{"line":71,"column":36}},"27":{"start":{"line":73,"column":4},"end":{"line":73,"column":null}},"28":{"start":{"line":81,"column":4},"end":{"line":81,"column":null}},"29":{"start":{"line":83,"column":4},"end":{"line":83,"column":null}},"30":{"start":{"line":83,"column":21},"end":{"line":83,"column":46}},"31":{"start":{"line":85,"column":4},"end":{"line":85,"column":null}},"32":{"start":{"line":89,"column":4},"end":{"line":89,"column":null}},"33":{"start":{"line":92,"column":4},"end":{"line":96,"column":null}},"34":{"start":{"line":101,"column":4},"end":{"line":101,"column":null}},"35":{"start":{"line":103,"column":4},"end":{"line":115,"column":10}},"36":{"start":{"line":104,"column":6},"end":{"line":115,"column":10}},"37":{"start":{"line":106,"column":31},"end":{"line":106,"column":38}},"38":{"start":{"line":108,"column":27},"end":{"line":108,"column":65}},"39":{"start":{"line":109,"column":12},"end":{"line":109,"column":83}},"40":{"start":{"line":114,"column":10},"end":{"line":114,"column":31}},"41":{"start":{"line":119,"column":4},"end":{"line":119,"column":null}},"42":{"start":{"line":122,"column":4},"end":{"line":122,"column":null}},"43":{"start":{"line":122,"column":21},"end":{"line":122,"column":38}},"44":{"start":{"line":11,"column":13},"end":{"line":125,"column":null}},"45":{"start":{"line":11,"column":13},"end":{"line":11,"column":37}},"46":{"start":{"line":128,"column":0},"end":{"line":128,"column":null}},"47":{"start":{"line":129,"column":2},"end":{"line":129,"column":null}},"48":{"start":{"line":130,"column":2},"end":{"line":130,"column":null}},"49":{"start":{"line":131,"column":2},"end":{"line":131,"column":null}},"50":{"start":{"line":132,"column":2},"end":{"line":132,"column":null}},"51":{"start":{"line":135,"column":0},"end":{"line":135,"column":null}},"52":{"start":{"line":136,"column":2},"end":{"line":136,"column":null}},"53":{"start":{"line":137,"column":2},"end":{"line":137,"column":null}},"54":{"start":{"line":138,"column":2},"end":{"line":138,"column":null}},"55":{"start":{"line":139,"column":2},"end":{"line":139,"column":null}}},"fnMap":{"0":{"name":"(anonymous_0)","decl":{"start":{"line":42,"column":2},"end":{"line":42,"column":22}},"loc":{"start":{"line":42,"column":51},"end":{"line":43,"column":3}}},"1":{"name":"(anonymous_1)","decl":{"start":{"line":45,"column":2},"end":{"line":45,"column":13}},"loc":{"start":{"line":45,"column":36},"end":{"line":53,"column":3}}},"2":{"name":"(anonymous_2)","decl":{"start":{"line":55,"column":2},"end":{"line":55,"column":6}},"loc":{"start":{"line":55,"column":20},"end":{"line":59,"column":3}}},"3":{"name":"(anonymous_3)","decl":{"start":{"line":61,"column":2},"end":{"line":61,"column":6}},"loc":{"start":{"line":61,"column":12},"end":{"line":63,"column":3}}},"4":{"name":"(anonymous_4)","decl":{"start":{"line":65,"column":2},"end":{"line":65,"column":13}},"loc":{"start":{"line":65,"column":33},"end":{"line":74,"column":3}}},"5":{"name":"(anonymous_5)","decl":{"start":{"line":76,"column":2},"end":{"line":76,"column":15}},"loc":{"start":{"line":76,"column":24},"end":{"line":86,"column":3}}},"6":{"name":"(anonymous_6)","decl":{"start":{"line":83,"column":15},"end":{"line":83,"column":18}},"loc":{"start":{"line":83,"column":21},"end":{"line":83,"column":46}}},"7":{"name":"(anonymous_7)","decl":{"start":{"line":88,"column":2},"end":{"line":88,"column":12}},"loc":{"start":{"line":88,"column":12},"end":{"line":97,"column":3}}},"8":{"name":"(anonymous_8)","decl":{"start":{"line":99,"column":10},"end":{"line":99,"column":28}},"loc":{"start":{"line":99,"column":28},"end":{"line":116,"column":3}}},"9":{"name":"(anonymous_9)","decl":{"start":{"line":106,"column":14},"end":{"line":106,"column":15}},"loc":{"start":{"line":106,"column":31},"end":{"line":106,"column":38}}},"10":{"name":"(anonymous_10)","decl":{"start":{"line":107,"column":17},"end":{"line":107,"column":18}},"loc":{"start":{"line":107,"column":28},"end":{"line":110,"column":11}}},"11":{"name":"(anonymous_11)","decl":{"start":{"line":113,"column":19},"end":{"line":113,"column":22}},"loc":{"start":{"line":114,"column":10},"end":{"line":114,"column":31}}},"12":{"name":"(anonymous_12)","decl":{"start":{"line":118,"column":2},"end":{"line":118,"column":16}},"loc":{"start":{"line":118,"column":16},"end":{"line":123,"column":3}}},"13":{"name":"(anonymous_13)","decl":{"start":{"line":122,"column":15},"end":{"line":122,"column":18}},"loc":{"start":{"line":122,"column":21},"end":{"line":122,"column":38}}},"14":{"name":"(anonymous_15)","decl":{"start":{"line":128,"column":0},"end":{"line":128,"column":12}},"loc":{"start":{"line":128,"column":21},"end":{"line":133,"column":1}}},"15":{"name":"(anonymous_16)","decl":{"start":{"line":135,"column":0},"end":{"line":135,"column":12}},"loc":{"start":{"line":135,"column":21},"end":{"line":140,"column":1}}}},"branchMap":{"0":{"loc":{"start":{"line":49,"column":4},"end":{"line":52,"column":null}},"type":"if","locations":[{"start":{"line":49,"column":4},"end":{"line":52,"column":null}}]},"1":{"loc":{"start":{"line":49,"column":8},"end":{"line":49,"column":35}},"type":"binary-expr","locations":[{"start":{"line":49,"column":8},"end":{"line":49,"column":13}},{"start":{"line":49,"column":17},"end":{"line":49,"column":35}}]},"2":{"loc":{"start":{"line":56,"column":11},"end":{"line":58,"column":52}},"type":"cond-expr","locations":[{"start":{"line":57,"column":6},"end":{"line":57,"column":26}},{"start":{"line":58,"column":9},"end":{"line":58,"column":51}}]},"3":{"loc":{"start":{"line":56,"column":11},"end":{"line":56,"column":29}},"type":"cond-expr","locations":[{"start":{"line":56,"column":21},"end":{"line":56,"column":23}},{"start":{"line":56,"column":21},"end":{"line":56,"column":29}}]},"4":{"loc":{"start":{"line":56,"column":11},"end":{"line":56,"column":23}},"type":"binary-expr","locations":[{"start":{"line":56,"column":11},"end":{"line":56,"column":23}},{"start":{"line":56,"column":21},"end":{"line":56,"column":23}}]},"5":{"loc":{"start":{"line":58,"column":9},"end":{"line":58,"column":51}},"type":"binary-expr","locations":[{"start":{"line":58,"column":9},"end":{"line":58,"column":27}},{"start":{"line":58,"column":31},"end":{"line":58,"column":51}}]},"6":{"loc":{"start":{"line":58,"column":9},"end":{"line":58,"column":27}},"type":"cond-expr","locations":[{"start":{"line":58,"column":19},"end":{"line":58,"column":21}},{"start":{"line":58,"column":19},"end":{"line":58,"column":27}}]},"7":{"loc":{"start":{"line":58,"column":9},"end":{"line":58,"column":21}},"type":"binary-expr","locations":[{"start":{"line":58,"column":9},"end":{"line":58,"column":21}},{"start":{"line":58,"column":19},"end":{"line":58,"column":21}}]},"8":{"loc":{"start":{"line":68,"column":4},"end":{"line":71,"column":36}},"type":"if","locations":[{"start":{"line":68,"column":4},"end":{"line":71,"column":36}},{"start":{"line":71,"column":6},"end":{"line":71,"column":36}}]},"9":{"loc":{"start":{"line":101,"column":4},"end":{"line":101,"column":64}},"type":"binary-expr","locations":[{"start":{"line":101,"column":4},"end":{"line":101,"column":25}},{"start":{"line":101,"column":29},"end":{"line":101,"column":64}}]},"10":{"loc":{"start":{"line":103,"column":4},"end":{"line":115,"column":10}},"type":"if","locations":[{"start":{"line":103,"column":4},"end":{"line":115,"column":10}}]},"11":{"loc":{"start":{"line":109,"column":19},"end":{"line":109,"column":82}},"type":"binary-expr","locations":[{"start":{"line":109,"column":19},"end":{"line":109,"column":30}},{"start":{"line":109,"column":34},"end":{"line":109,"column":82}}]},"12":{"loc":{"start":{"line":119,"column":4},"end":{"line":119,"column":64}},"type":"binary-expr","locations":[{"start":{"line":119,"column":4},"end":{"line":119,"column":25}},{"start":{"line":119,"column":29},"end":{"line":119,"column":64}}]},"13":{"loc":{"start":{"line":128,"column":12},"end":{"line":128,"column":null}},"type":"binary-expr","locations":[{"start":{"line":128,"column":12},"end":{"line":128,"column":21}},{"start":{"line":128,"column":12},"end":{"line":128,"column":null}}]},"14":{"loc":{"start":{"line":135,"column":12},"end":{"line":135,"column":null}},"type":"binary-expr","locations":[{"start":{"line":135,"column":12},"end":{"line":135,"column":21}},{"start":{"line":135,"column":12},"end":{"line":135,"column":null}}]}},"s":{"0":1,"1":1,"2":1,"3":1,"4":1,"5":48,"6":48,"7":48,"8":48,"9":48,"10":48,"11":48,"12":48,"13":48,"14":48,"15":48,"16":48,"17":48,"18":48,"19":0,"20":0,"21":96,"22":384,"23":0,"24":0,"25":0,"26":0,"27":0,"28":0,"29":0,"30":0,"31":0,"32":0,"33":0,"34":0,"35":0,"36":0,"37":0,"38":0,"39":0,"40":0,"41":0,"42":0,"43":0,"44":1,"45":1,"46":1,"47":1,"48":1,"49":1,"50":1,"51":1,"52":1,"53":1,"54":1,"55":1},"f":{"0":48,"1":48,"2":96,"3":384,"4":0,"5":0,"6":0,"7":0,"8":0,"9":0,"10":0,"11":0,"12":0,"13":0,"14":1,"15":1},"b":{"0":[0],"1":[48,48],"2":[0,96],"3":[96,0],"4":[96,0],"5":[96,96],"6":[96,0],"7":[96,0],"8":[0,0],"9":[0,0],"10":[0],"11":[0,0],"12":[0,0],"13":[1,1],"14":[1,1]}}
,"C:\\Users\\Freddy-PC2\\Documents\\appVS\\staffing-frontend-angular\\src\\app\\common\\components\\table\\table.component.html": {"path":"C:\\Users\\Freddy-PC2\\Documents\\appVS\\staffing-frontend-angular\\src\\app\\common\\components\\table\\table.component.html","statementMap":{"0":{"start":{"line":1,"column":0},"end":{"line":1,"column":3108}}},"fnMap":{},"branchMap":{},"s":{"0":1},"f":{},"b":{},"inputSourceMap":null,"_coverageSchema":"1a1c01bbd47fc00a2c39e90264f33305004495a9","hash":"bd9d81c88861876cb1e12a2bf2b1e2ba8060c86b"}
,"C:\\Users\\Freddy-PC2\\Documents\\appVS\\staffing-frontend-angular\\src\\app\\common\\components\\table\\table.component.ts": {"path":"C:\\Users\\Freddy-PC2\\Documents\\appVS\\staffing-frontend-angular\\src\\app\\common\\components\\table\\table.component.ts","statementMap":{"0":{"start":{"line":1,"column":0},"end":{"line":1,"column":null}},"1":{"start":{"line":13,"column":0},"end":{"line":13,"column":43}},"2":{"start":{"line":14,"column":0},"end":{"line":14,"column":89}},"3":{"start":{"line":15,"column":0},"end":{"line":15,"column":87}},"4":{"start":{"line":24,"column":27},"end":{"line":206,"column":null}},"5":{"start":{"line":53,"column":22},"end":{"line":53,"column":27}},"6":{"start":{"line":30,"column":11},"end":{"line":30,"column":null}},"7":{"start":{"line":33,"column":12},"end":{"line":33,"column":null}},"8":{"start":{"line":35,"column":12},"end":{"line":35,"column":null}},"9":{"start":{"line":39,"column":2},"end":{"line":39,"column":null}},"10":{"start":{"line":40,"column":2},"end":{"line":40,"column":null}},"11":{"start":{"line":42,"column":2},"end":{"line":42,"column":null}},"12":{"start":{"line":43,"column":2},"end":{"line":43,"column":null}},"13":{"start":{"line":44,"column":2},"end":{"line":47,"column":null}},"14":{"start":{"line":126,"column":2},"end":{"line":126,"column":null}},"15":{"start":{"line":57,"column":4},"end":{"line":57,"column":null}},"16":{"start":{"line":58,"column":4},"end":{"line":58,"column":null}},"17":{"start":{"line":62,"column":4},"end":{"line":65,"column":null}},"18":{"start":{"line":63,"column":6},"end":{"line":63,"column":null}},"19":{"start":{"line":64,"column":6},"end":{"line":64,"column":null}},"20":{"start":{"line":69,"column":4},"end":{"line":69,"column":null}},"21":{"start":{"line":71,"column":4},"end":{"line":81,"column":null}},"22":{"start":{"line":74,"column":21},"end":{"line":74,"column":60}},"23":{"start":{"line":75,"column":27},"end":{"line":75,"column":50}},"24":{"start":{"line":77,"column":10},"end":{"line":78,"column":null}},"25":{"start":{"line":78,"column":12},"end":{"line":78,"column":null}},"26":{"start":{"line":85,"column":4},"end":{"line":85,"column":null}},"27":{"start":{"line":86,"column":4},"end":{"line":93,"column":null}},"28":{"start":{"line":92,"column":8},"end":{"line":92,"column":48}},"29":{"start":{"line":95,"column":4},"end":{"line":96,"column":null}},"30":{"start":{"line":95,"column":54},"end":{"line":95,"column":65}},"31":{"start":{"line":96,"column":19},"end":{"line":96,"column":33}},"32":{"start":{"line":100,"column":4},"end":{"line":105,"column":null}},"33":{"start":{"line":102,"column":6},"end":{"line":104,"column":null}},"34":{"start":{"line":106,"column":4},"end":{"line":106,"column":null}},"35":{"start":{"line":110,"column":4},"end":{"line":112,"column":null}},"36":{"start":{"line":113,"column":4},"end":{"line":113,"column":null}},"37":{"start":{"line":117,"column":4},"end":{"line":120,"column":null}},"38":{"start":{"line":131,"column":4},"end":{"line":135,"column":null}},"39":{"start":{"line":139,"column":31},"end":{"line":139,"column":36}},"40":{"start":{"line":141,"column":4},"end":{"line":147,"column":null}},"41":{"start":{"line":146,"column":24},"end":{"line":146,"column":47}},"42":{"start":{"line":149,"column":4},"end":{"line":152,"column":11}},"43":{"start":{"line":150,"column":6},"end":{"line":150,"column":null}},"44":{"start":{"line":151,"column":6},"end":{"line":151,"column":null}},"45":{"start":{"line":154,"column":4},"end":{"line":181,"column":6}},"46":{"start":{"line":160,"column":10},"end":{"line":164,"column":null}},"47":{"start":{"line":172,"column":10},"end":{"line":177,"column":null}},"48":{"start":{"line":178,"column":10},"end":{"line":178,"column":null}},"49":{"start":{"line":183,"column":4},"end":{"line":183,"column":51}},"50":{"start":{"line":184,"column":4},"end":{"line":184,"column":43}},"51":{"start":{"line":189,"column":4},"end":{"line":189,"column":null}},"52":{"start":{"line":190,"column":4},"end":{"line":190,"column":null}},"53":{"start":{"line":191,"column":4},"end":{"line":191,"column":null}},"54":{"start":{"line":195,"column":4},"end":{"line":195,"column":null}},"55":{"start":{"line":196,"column":22},"end":{"line":196,"column":52}},"56":{"start":{"line":197,"column":4},"end":{"line":197,"column":14}},"57":{"start":{"line":203,"column":4},"end":{"line":203,"column":null}},"58":{"start":{"line":24,"column":13},"end":{"line":206,"column":null}},"59":{"start":{"line":24,"column":13},"end":{"line":24,"column":27}},"60":{"start":{"line":214,"column":17},"end":{"line":220,"column":1}},"61":{"start":{"line":215,"column":2},"end":{"line":219,"column":null}},"62":{"start":{"line":216,"column":4},"end":{"line":218,"column":14}},"63":{"start":{"line":217,"column":8},"end":{"line":217,"column":78}}},"fnMap":{"0":{"name":"(anonymous_0)","decl":{"start":{"line":53,"column":2},"end":{"line":53,"column":22}},"loc":{"start":{"line":53,"column":44},"end":{"line":54,"column":3}}},"1":{"name":"(anonymous_1)","decl":{"start":{"line":56,"column":2},"end":{"line":56,"column":13}},"loc":{"start":{"line":56,"column":13},"end":{"line":59,"column":3}}},"2":{"name":"(anonymous_2)","decl":{"start":{"line":61,"column":2},"end":{"line":61,"column":13}},"loc":{"start":{"line":61,"column":36},"end":{"line":66,"column":3}}},"3":{"name":"(anonymous_3)","decl":{"start":{"line":68,"column":2},"end":{"line":68,"column":10}},"loc":{"start":{"line":68,"column":10},"end":{"line":82,"column":3}}},"4":{"name":"(anonymous_4)","decl":{"start":{"line":74,"column":12},"end":{"line":74,"column":17}},"loc":{"start":{"line":74,"column":21},"end":{"line":74,"column":60}}},"5":{"name":"(anonymous_5)","decl":{"start":{"line":75,"column":18},"end":{"line":75,"column":23}},"loc":{"start":{"line":75,"column":27},"end":{"line":75,"column":50}}},"6":{"name":"(anonymous_6)","decl":{"start":{"line":76,"column":12},"end":{"line":76,"column":13}},"loc":{"start":{"line":76,"column":24},"end":{"line":79,"column":9}}},"7":{"name":"(anonymous_7)","decl":{"start":{"line":84,"column":2},"end":{"line":84,"column":17}},"loc":{"start":{"line":84,"column":17},"end":{"line":97,"column":3}}},"8":{"name":"(anonymous_8)","decl":{"start":{"line":91,"column":17},"end":{"line":91,"column":21}},"loc":{"start":{"line":92,"column":8},"end":{"line":92,"column":48}}},"9":{"name":"(anonymous_9)","decl":{"start":{"line":95,"column":46},"end":{"line":95,"column":50}},"loc":{"start":{"line":95,"column":54},"end":{"line":95,"column":65}}},"10":{"name":"(anonymous_10)","decl":{"start":{"line":96,"column":11},"end":{"line":96,"column":15}},"loc":{"start":{"line":96,"column":19},"end":{"line":96,"column":33}}},"11":{"name":"(anonymous_11)","decl":{"start":{"line":99,"column":2},"end":{"line":99,"column":13}},"loc":{"start":{"line":99,"column":41},"end":{"line":107,"column":3}}},"12":{"name":"(anonymous_12)","decl":{"start":{"line":109,"column":2},"end":{"line":109,"column":10}},"loc":{"start":{"line":109,"column":19},"end":{"line":114,"column":3}}},"13":{"name":"(anonymous_13)","decl":{"start":{"line":116,"column":2},"end":{"line":116,"column":17}},"loc":{"start":{"line":116,"column":17},"end":{"line":121,"column":3}}},"14":{"name":"(anonymous_14)","decl":{"start":{"line":130,"column":2},"end":{"line":130,"column":6}},"loc":{"start":{"line":130,"column":25},"end":{"line":136,"column":3}}},"15":{"name":"(anonymous_15)","decl":{"start":{"line":138,"column":2},"end":{"line":138,"column":20}},"loc":{"start":{"line":138,"column":45},"end":{"line":186,"column":3}}},"16":{"name":"(anonymous_16)","decl":{"start":{"line":146,"column":18},"end":{"line":146,"column":21}},"loc":{"start":{"line":146,"column":24},"end":{"line":146,"column":47}}},"17":{"name":"(anonymous_17)","decl":{"start":{"line":149,"column":15},"end":{"line":149,"column":18}},"loc":{"start":{"line":149,"column":20},"end":{"line":152,"column":5}}},"18":{"name":"(anonymous_18)","decl":{"start":{"line":159,"column":17},"end":{"line":159,"column":20}},"loc":{"start":{"line":160,"column":10},"end":{"line":164,"column":null}}},"19":{"name":"(anonymous_19)","decl":{"start":{"line":171,"column":17},"end":{"line":171,"column":20}},"loc":{"start":{"line":171,"column":22},"end":{"line":179,"column":9}}},"20":{"name":"(anonymous_20)","decl":{"start":{"line":188,"column":2},"end":{"line":188,"column":18}},"loc":{"start":{"line":188,"column":18},"end":{"line":192,"column":3}}},"21":{"name":"(anonymous_21)","decl":{"start":{"line":194,"column":2},"end":{"line":194,"column":21}},"loc":{"start":{"line":194,"column":32},"end":{"line":198,"column":3}}},"22":{"name":"(anonymous_22)","decl":{"start":{"line":202,"column":2},"end":{"line":202,"column":11}},"loc":{"start":{"line":202,"column":36},"end":{"line":204,"column":3}}},"23":{"name":"(anonymous_24)","decl":{"start":{"line":214,"column":17},"end":{"line":214,"column":18}},"loc":{"start":{"line":214,"column":72},"end":{"line":220,"column":1}}},"24":{"name":"(anonymous_25)","decl":{"start":{"line":215,"column":22},"end":{"line":215,"column":26}},"loc":{"start":{"line":216,"column":4},"end":{"line":218,"column":14}}},"25":{"name":"(anonymous_26)","decl":{"start":{"line":216,"column":22},"end":{"line":216,"column":23}},"loc":{"start":{"line":217,"column":8},"end":{"line":217,"column":78}}}},"branchMap":{"0":{"loc":{"start":{"line":62,"column":4},"end":{"line":65,"column":null}},"type":"if","locations":[{"start":{"line":62,"column":4},"end":{"line":65,"column":null}}]},"1":{"loc":{"start":{"line":62,"column":8},"end":{"line":62,"column":54}},"type":"binary-expr","locations":[{"start":{"line":62,"column":8},"end":{"line":62,"column":25}},{"start":{"line":62,"column":29},"end":{"line":62,"column":54}}]},"2":{"loc":{"start":{"line":77,"column":10},"end":{"line":78,"column":null}},"type":"if","locations":[{"start":{"line":77,"column":10},"end":{"line":78,"column":null}}]},"3":{"loc":{"start":{"line":95,"column":25},"end":{"line":96,"column":34}},"type":"cond-expr","locations":[{"start":{"line":95,"column":37},"end":{"line":95,"column":39}},{"start":{"line":95,"column":37},"end":{"line":96,"column":34}}]},"4":{"loc":{"start":{"line":95,"column":25},"end":{"line":95,"column":39}},"type":"binary-expr","locations":[{"start":{"line":95,"column":25},"end":{"line":95,"column":39}},{"start":{"line":95,"column":37},"end":{"line":95,"column":39}}]},"5":{"loc":{"start":{"line":100,"column":4},"end":{"line":105,"column":null}},"type":"if","locations":[{"start":{"line":100,"column":4},"end":{"line":105,"column":null}}]},"6":{"loc":{"start":{"line":100,"column":8},"end":{"line":100,"column":33}},"type":"binary-expr","locations":[{"start":{"line":100,"column":8},"end":{"line":100,"column":14}},{"start":{"line":100,"column":18},"end":{"line":100,"column":33}}]},"7":{"loc":{"start":{"line":106,"column":11},"end":{"line":106,"column":21}},"type":"binary-expr","locations":[{"start":{"line":106,"column":11},"end":{"line":106,"column":15}},{"start":{"line":106,"column":19},"end":{"line":106,"column":21}}]},"8":{"loc":{"start":{"line":163,"column":23},"end":{"line":163,"column":55}},"type":"binary-expr","locations":[{"start":{"line":163,"column":23},"end":{"line":163,"column":44}},{"start":{"line":163,"column":48},"end":{"line":163,"column":55}}]},"9":{"loc":{"start":{"line":175,"column":23},"end":{"line":175,"column":55}},"type":"binary-expr","locations":[{"start":{"line":175,"column":23},"end":{"line":175,"column":44}},{"start":{"line":175,"column":48},"end":{"line":175,"column":55}}]},"10":{"loc":{"start":{"line":189,"column":4},"end":{"line":189,"column":38}},"type":"binary-expr","locations":[{"start":{"line":189,"column":4},"end":{"line":189,"column":12}},{"start":{"line":189,"column":16},"end":{"line":189,"column":38}}]},"11":{"loc":{"start":{"line":217,"column":8},"end":{"line":217,"column":78}},"type":"binary-expr","locations":[{"start":{"line":217,"column":8},"end":{"line":217,"column":11}},{"start":{"line":217,"column":16},"end":{"line":217,"column":29}},{"start":{"line":217,"column":33},"end":{"line":217,"column":77}}]}},"s":{"0":1,"1":1,"2":1,"3":1,"4":1,"5":0,"6":0,"7":0,"8":0,"9":0,"10":0,"11":0,"12":0,"13":0,"14":0,"15":0,"16":0,"17":0,"18":0,"19":0,"20":0,"21":0,"22":0,"23":0,"24":0,"25":0,"26":0,"27":0,"28":0,"29":0,"30":0,"31":0,"32":0,"33":0,"34":0,"35":0,"36":0,"37":0,"38":0,"39":0,"40":0,"41":0,"42":0,"43":0,"44":0,"45":0,"46":0,"47":0,"48":0,"49":0,"50":0,"51":0,"52":0,"53":0,"54":0,"55":0,"56":0,"57":0,"58":1,"59":1,"60":1,"61":0,"62":0,"63":0},"f":{"0":0,"1":0,"2":0,"3":0,"4":0,"5":0,"6":0,"7":0,"8":0,"9":0,"10":0,"11":0,"12":0,"13":0,"14":0,"15":0,"16":0,"17":0,"18":0,"19":0,"20":0,"21":0,"22":0,"23":0,"24":0,"25":0},"b":{"0":[0],"1":[0,0],"2":[0],"3":[0,0],"4":[0,0],"5":[0],"6":[0,0],"7":[0,0],"8":[0,0],"9":[0,0],"10":[0,0],"11":[0,0,0]}}
,"C:\\Users\\Freddy-PC2\\Documents\\appVS\\staffing-frontend-angular\\src\\app\\common\\components\\table\\atoms\\context-menu.component.ts": {"path":"C:\\Users\\Freddy-PC2\\Documents\\appVS\\staffing-frontend-angular\\src\\app\\common\\components\\table\\atoms\\context-menu.component.ts","statementMap":{"0":{"start":{"line":1,"column":0},"end":{"line":1,"column":70}},"1":{"start":{"line":59,"column":33},"end":{"line":71,"column":null}},"2":{"start":{"line":63,"column":12},"end":{"line":63,"column":78}},"3":{"start":{"line":66,"column":4},"end":{"line":69,"column":7}},"4":{"start":{"line":59,"column":13},"end":{"line":71,"column":null}},"5":{"start":{"line":59,"column":13},"end":{"line":59,"column":33}}},"fnMap":{"0":{"name":"(anonymous_1)","decl":{"start":{"line":65,"column":2},"end":{"line":65,"column":20}},"loc":{"start":{"line":65,"column":55},"end":{"line":70,"column":3}}}},"branchMap":{},"s":{"0":1,"1":1,"2":0,"3":0,"4":1,"5":1},"f":{"0":0},"b":{}}
,"C:\\Users\\Freddy-PC2\\Documents\\appVS\\staffing-frontend-angular\\src\\app\\common\\components\\table\\atoms\\tb-pagination.component.ts": {"path":"C:\\Users\\Freddy-PC2\\Documents\\appVS\\staffing-frontend-angular\\src\\app\\common\\components\\table\\atoms\\tb-pagination.component.ts","statementMap":{"0":{"start":{"line":1,"column":0},"end":{"line":1,"column":null}},"1":{"start":{"line":13,"column":32},"end":{"line":13,"column":33}},"2":{"start":{"line":149,"column":34},"end":{"line":237,"column":null}},"3":{"start":{"line":161,"column":22},"end":{"line":161,"column":27}},"4":{"start":{"line":155,"column":11},"end":{"line":155,"column":null}},"5":{"start":{"line":158,"column":12},"end":{"line":158,"column":null}},"6":{"start":{"line":188,"column":2},"end":{"line":192,"column":null}},"7":{"start":{"line":189,"column":20},"end":{"line":189,"column":30}},"8":{"start":{"line":190,"column":4},"end":{"line":190,"column":null}},"9":{"start":{"line":191,"column":4},"end":{"line":191,"column":null}},"10":{"start":{"line":165,"column":4},"end":{"line":165,"column":null}},"11":{"start":{"line":169,"column":20},"end":{"line":169,"column":27}},"12":{"start":{"line":170,"column":4},"end":{"line":170,"column":null}},"13":{"start":{"line":171,"column":4},"end":{"line":171,"column":null}},"14":{"start":{"line":175,"column":4},"end":{"line":177,"column":null}},"15":{"start":{"line":176,"column":7},"end":{"line":176,"column":59}},"16":{"start":{"line":181,"column":4},"end":{"line":181,"column":70}},"17":{"start":{"line":181,"column":35},"end":{"line":181,"column":67}},"18":{"start":{"line":185,"column":4},"end":{"line":185,"column":null}},"19":{"start":{"line":195,"column":4},"end":{"line":195,"column":null}},"20":{"start":{"line":196,"column":22},"end":{"line":196,"column":55}},"21":{"start":{"line":197,"column":4},"end":{"line":199,"column":null}},"22":{"start":{"line":200,"column":4},"end":{"line":206,"column":null}},"23":{"start":{"line":201,"column":6},"end":{"line":206,"column":null}},"24":{"start":{"line":207,"column":4},"end":{"line":207,"column":null}},"25":{"start":{"line":211,"column":4},"end":{"line":213,"column":null}},"26":{"start":{"line":212,"column":6},"end":{"line":212,"column":83}},"27":{"start":{"line":214,"column":4},"end":{"line":216,"column":null}},"28":{"start":{"line":215,"column":6},"end":{"line":215,"column":61}},"29":{"start":{"line":217,"column":4},"end":{"line":219,"column":null}},"30":{"start":{"line":218,"column":6},"end":{"line":218,"column":42}},"31":{"start":{"line":220,"column":17},"end":{"line":220,"column":86}},"32":{"start":{"line":221,"column":39},"end":{"line":221,"column":55}},"33":{"start":{"line":222,"column":4},"end":{"line":224,"column":null}},"34":{"start":{"line":222,"column":17},"end":{"line":222,"column":18}},"35":{"start":{"line":223,"column":6},"end":{"line":223,"column":26}},"36":{"start":{"line":226,"column":4},"end":{"line":229,"column":null}},"37":{"start":{"line":227,"column":6},"end":{"line":227,"column":19}},"38":{"start":{"line":228,"column":6},"end":{"line":228,"column":23}},"39":{"start":{"line":230,"column":4},"end":{"line":233,"column":null}},"40":{"start":{"line":231,"column":6},"end":{"line":231,"column":42}},"41":{"start":{"line":232,"column":6},"end":{"line":232,"column":38}},"42":{"start":{"line":234,"column":4},"end":{"line":234,"column":null}},"43":{"start":{"line":149,"column":13},"end":{"line":237,"column":null}},"44":{"start":{"line":149,"column":13},"end":{"line":149,"column":34}}},"fnMap":{"0":{"name":"(anonymous_0)","decl":{"start":{"line":161,"column":2},"end":{"line":161,"column":22}},"loc":{"start":{"line":161,"column":44},"end":{"line":162,"column":3}}},"1":{"name":"(anonymous_1)","decl":{"start":{"line":188,"column":23},"end":{"line":188,"column":24}},"loc":{"start":{"line":188,"column":36},"end":{"line":192,"column":3}}},"2":{"name":"(anonymous_2)","decl":{"start":{"line":164,"column":2},"end":{"line":164,"column":17}},"loc":{"start":{"line":164,"column":17},"end":{"line":166,"column":3}}},"3":{"name":"(anonymous_3)","decl":{"start":{"line":168,"column":2},"end":{"line":168,"column":13}},"loc":{"start":{"line":168,"column":36},"end":{"line":172,"column":3}}},"4":{"name":"(anonymous_4)","decl":{"start":{"line":174,"column":2},"end":{"line":174,"column":6}},"loc":{"start":{"line":174,"column":19},"end":{"line":178,"column":3}}},"5":{"name":"(anonymous_5)","decl":{"start":{"line":175,"column":31},"end":{"line":175,"column":32}},"loc":{"start":{"line":176,"column":7},"end":{"line":176,"column":59}}},"6":{"name":"(anonymous_6)","decl":{"start":{"line":180,"column":2},"end":{"line":180,"column":6}},"loc":{"start":{"line":180,"column":14},"end":{"line":182,"column":3}}},"7":{"name":"(anonymous_7)","decl":{"start":{"line":181,"column":26},"end":{"line":181,"column":30}},"loc":{"start":{"line":181,"column":35},"end":{"line":181,"column":67}}},"8":{"name":"(anonymous_8)","decl":{"start":{"line":184,"column":2},"end":{"line":184,"column":10}},"loc":{"start":{"line":184,"column":31},"end":{"line":186,"column":3}}},"9":{"name":"(anonymous_9)","decl":{"start":{"line":194,"column":2},"end":{"line":194,"column":11}},"loc":{"start":{"line":194,"column":56},"end":{"line":208,"column":3}}},"10":{"name":"(anonymous_10)","decl":{"start":{"line":210,"column":2},"end":{"line":210,"column":19}},"loc":{"start":{"line":210,"column":65},"end":{"line":235,"column":3}}}},"branchMap":{"0":{"loc":{"start":{"line":181,"column":35},"end":{"line":181,"column":67}},"type":"cond-expr","locations":[{"start":{"line":181,"column":51},"end":{"line":181,"column":55}},{"start":{"line":181,"column":58},"end":{"line":181,"column":67}}]},"1":{"loc":{"start":{"line":194,"column":35},"end":{"line":194,"column":56}},"type":"default-arg","locations":[{"start":{"line":194,"column":51},"end":{"line":194,"column":56}}]},"2":{"loc":{"start":{"line":200,"column":4},"end":{"line":206,"column":null}},"type":"if","locations":[{"start":{"line":200,"column":4},"end":{"line":206,"column":null}}]},"3":{"loc":{"start":{"line":211,"column":4},"end":{"line":213,"column":null}},"type":"if","locations":[{"start":{"line":211,"column":4},"end":{"line":213,"column":null}}]},"4":{"loc":{"start":{"line":214,"column":4},"end":{"line":216,"column":null}},"type":"if","locations":[{"start":{"line":214,"column":4},"end":{"line":216,"column":null}}]},"5":{"loc":{"start":{"line":217,"column":4},"end":{"line":219,"column":null}},"type":"if","locations":[{"start":{"line":217,"column":4},"end":{"line":219,"column":null}}]},"6":{"loc":{"start":{"line":226,"column":4},"end":{"line":229,"column":null}},"type":"if","locations":[{"start":{"line":226,"column":4},"end":{"line":229,"column":null}}]},"7":{"loc":{"start":{"line":230,"column":4},"end":{"line":233,"column":null}},"type":"if","locations":[{"start":{"line":230,"column":4},"end":{"line":233,"column":null}}]}},"s":{"0":1,"1":1,"2":1,"3":0,"4":0,"5":0,"6":0,"7":0,"8":0,"9":0,"10":0,"11":0,"12":0,"13":0,"14":0,"15":0,"16":0,"17":0,"18":0,"19":0,"20":0,"21":0,"22":0,"23":0,"24":0,"25":0,"26":0,"27":0,"28":0,"29":0,"30":0,"31":0,"32":0,"33":0,"34":0,"35":0,"36":0,"37":0,"38":0,"39":0,"40":0,"41":0,"42":0,"43":1,"44":1},"f":{"0":0,"1":0,"2":0,"3":0,"4":0,"5":0,"6":0,"7":0,"8":0,"9":0,"10":0},"b":{"0":[0,0],"1":[0],"2":[0],"3":[0],"4":[0],"5":[0],"6":[0],"7":[0]}}
,"C:\\Users\\Freddy-PC2\\Documents\\appVS\\staffing-frontend-angular\\src\\app\\common\\utils\\validate-date.ts": {"path":"C:\\Users\\Freddy-PC2\\Documents\\appVS\\staffing-frontend-angular\\src\\app\\common\\utils\\validate-date.ts","statementMap":{"0":{"start":{"line":2,"column":18},"end":{"line":2,"column":46}},"1":{"start":{"line":3,"column":2},"end":{"line":5,"column":null}},"2":{"start":{"line":4,"column":4},"end":{"line":4,"column":24}},"3":{"start":{"line":7,"column":2},"end":{"line":7,"column":57}},"4":{"start":{"line":1,"column":0},"end":{"line":1,"column":16}},"5":{"start":{"line":12,"column":2},"end":{"line":20,"column":null}},"6":{"start":{"line":14,"column":6},"end":{"line":14,"column":62}},"7":{"start":{"line":16,"column":6},"end":{"line":16,"column":34}},"8":{"start":{"line":19,"column":6},"end":{"line":19,"column":62}},"9":{"start":{"line":24,"column":15},"end":{"line":24,"column":63}},"10":{"start":{"line":26,"column":2},"end":{"line":26,"column":64}},"11":{"start":{"line":30,"column":18},"end":{"line":30,"column":20}},"12":{"start":{"line":31,"column":2},"end":{"line":33,"column":null}},"13":{"start":{"line":31,"column":15},"end":{"line":31,"column":16}},"14":{"start":{"line":32,"column":4},"end":{"line":32,"column":40}},"15":{"start":{"line":32,"column":24},"end":{"line":32,"column":40}},"16":{"start":{"line":34,"column":2},"end":{"line":34,"column":17}},"17":{"start":{"line":38,"column":2},"end":{"line":98,"column":null}},"18":{"start":{"line":40,"column":4},"end":{"line":42,"column":null}},"19":{"start":{"line":41,"column":6},"end":{"line":41,"column":73}},"20":{"start":{"line":44,"column":4},"end":{"line":44,"column":77}},"21":{"start":{"line":44,"column":57},"end":{"line":44,"column":77}},"22":{"start":{"line":46,"column":24},"end":{"line":48,"column":29}},"23":{"start":{"line":50,"column":22},"end":{"line":52,"column":44}},"24":{"start":{"line":51,"column":27},"end":{"line":51,"column":56}},"25":{"start":{"line":52,"column":31},"end":{"line":52,"column":43}},"26":{"start":{"line":54,"column":4},"end":{"line":54,"column":52}},"27":{"start":{"line":54,"column":32},"end":{"line":54,"column":52}},"28":{"start":{"line":56,"column":24},"end":{"line":56,"column":59}},"29":{"start":{"line":58,"column":22},"end":{"line":59,"column":null}},"30":{"start":{"line":62,"column":27},"end":{"line":64,"column":null}},"31":{"start":{"line":64,"column":41},"end":{"line":64,"column":64}},"32":{"start":{"line":66,"column":29},"end":{"line":68,"column":null}},"33":{"start":{"line":68,"column":41},"end":{"line":68,"column":64}},"34":{"start":{"line":70,"column":28},"end":{"line":72,"column":null}},"35":{"start":{"line":72,"column":41},"end":{"line":72,"column":64}},"36":{"start":{"line":75,"column":4},"end":{"line":80,"column":null}},"37":{"start":{"line":79,"column":6},"end":{"line":79,"column":26}},"38":{"start":{"line":82,"column":4},"end":{"line":97,"column":null}},"39":{"start":{"line":83,"column":24},"end":{"line":83,"column":54}},"40":{"start":{"line":84,"column":18},"end":{"line":84,"column":48}},"41":{"start":{"line":85,"column":20},"end":{"line":85,"column":52}},"42":{"start":{"line":86,"column":19},"end":{"line":86,"column":50}},"43":{"start":{"line":87,"column":6},"end":{"line":94,"column":null}},"44":{"start":{"line":93,"column":8},"end":{"line":93,"column":28}},"45":{"start":{"line":96,"column":6},"end":{"line":96,"column":26}},"46":{"start":{"line":100,"column":2},"end":{"line":100,"column":22}}},"fnMap":{"0":{"name":"validateDate","decl":{"start":{"line":1,"column":16},"end":{"line":1,"column":28}},"loc":{"start":{"line":1,"column":96},"end":{"line":8,"column":1}}},"1":{"name":"responseSetter","decl":{"start":{"line":11,"column":9},"end":{"line":11,"column":23}},"loc":{"start":{"line":11,"column":54},"end":{"line":21,"column":1}}},"2":{"name":"daysInMonth","decl":{"start":{"line":23,"column":9},"end":{"line":23,"column":20}},"loc":{"start":{"line":23,"column":48},"end":{"line":27,"column":1}}},"3":{"name":"getAllIndexes","decl":{"start":{"line":29,"column":9},"end":{"line":29,"column":22}},"loc":{"start":{"line":29,"column":41},"end":{"line":35,"column":1}}},"4":{"name":"dateValidator","decl":{"start":{"line":37,"column":9},"end":{"line":37,"column":22}},"loc":{"start":{"line":37,"column":93},"end":{"line":101,"column":1}}},"5":{"name":"(anonymous_5)","decl":{"start":{"line":51,"column":11},"end":{"line":51,"column":12}},"loc":{"start":{"line":51,"column":27},"end":{"line":51,"column":56}}},"6":{"name":"(anonymous_6)","decl":{"start":{"line":52,"column":14},"end":{"line":52,"column":15}},"loc":{"start":{"line":52,"column":31},"end":{"line":52,"column":43}}},"7":{"name":"(anonymous_7)","decl":{"start":{"line":64,"column":25},"end":{"line":64,"column":26}},"loc":{"start":{"line":64,"column":41},"end":{"line":64,"column":64}}},"8":{"name":"(anonymous_8)","decl":{"start":{"line":68,"column":25},"end":{"line":68,"column":26}},"loc":{"start":{"line":68,"column":41},"end":{"line":68,"column":64}}},"9":{"name":"(anonymous_9)","decl":{"start":{"line":72,"column":25},"end":{"line":72,"column":26}},"loc":{"start":{"line":72,"column":41},"end":{"line":72,"column":64}}}},"branchMap":{"0":{"loc":{"start":{"line":1,"column":48},"end":{"line":1,"column":72}},"type":"default-arg","locations":[{"start":{"line":1,"column":63},"end":{"line":1,"column":72}}]},"1":{"loc":{"start":{"line":1,"column":74},"end":{"line":1,"column":96}},"type":"default-arg","locations":[{"start":{"line":1,"column":92},"end":{"line":1,"column":96}}]},"2":{"loc":{"start":{"line":3,"column":2},"end":{"line":5,"column":null}},"type":"if","locations":[{"start":{"line":3,"column":2},"end":{"line":5,"column":null}}]},"3":{"loc":{"start":{"line":12,"column":2},"end":{"line":20,"column":null}},"type":"switch","locations":[{"start":{"line":13,"column":4},"end":{"line":14,"column":62}},{"start":{"line":15,"column":4},"end":{"line":16,"column":34}},{"start":{"line":18,"column":4},"end":{"line":19,"column":62}}]},"4":{"loc":{"start":{"line":26,"column":9},"end":{"line":26,"column":63}},"type":"cond-expr","locations":[{"start":{"line":26,"column":43},"end":{"line":26,"column":45}},{"start":{"line":26,"column":48},"end":{"line":26,"column":63}}]},"5":{"loc":{"start":{"line":26,"column":10},"end":{"line":26,"column":39}},"type":"binary-expr","locations":[{"start":{"line":26,"column":10},"end":{"line":26,"column":21}},{"start":{"line":26,"column":25},"end":{"line":26,"column":39}}]},"6":{"loc":{"start":{"line":32,"column":4},"end":{"line":32,"column":40}},"type":"if","locations":[{"start":{"line":32,"column":4},"end":{"line":32,"column":40}}]},"7":{"loc":{"start":{"line":38,"column":2},"end":{"line":98,"column":null}},"type":"if","locations":[{"start":{"line":38,"column":2},"end":{"line":98,"column":null}}]},"8":{"loc":{"start":{"line":40,"column":4},"end":{"line":42,"column":null}},"type":"if","locations":[{"start":{"line":40,"column":4},"end":{"line":42,"column":null}}]},"9":{"loc":{"start":{"line":41,"column":19},"end":{"line":41,"column":72}},"type":"cond-expr","locations":[{"start":{"line":41,"column":45},"end":{"line":41,"column":57}},{"start":{"line":41,"column":60},"end":{"line":41,"column":72}}]},"10":{"loc":{"start":{"line":44,"column":4},"end":{"line":44,"column":77}},"type":"if","locations":[{"start":{"line":44,"column":4},"end":{"line":44,"column":77}}]},"11":{"loc":{"start":{"line":44,"column":8},"end":{"line":44,"column":55}},"type":"binary-expr","locations":[{"start":{"line":44,"column":8},"end":{"line":44,"column":30}},{"start":{"line":44,"column":34},"end":{"line":44,"column":55}}]},"12":{"loc":{"start":{"line":46,"column":24},"end":{"line":48,"column":29}},"type":"cond-expr","locations":[{"start":{"line":47,"column":8},"end":{"line":47,"column":29}},{"start":{"line":48,"column":8},"end":{"line":48,"column":29}}]},"13":{"loc":{"start":{"line":54,"column":4},"end":{"line":54,"column":52}},"type":"if","locations":[{"start":{"line":54,"column":4},"end":{"line":54,"column":52}}]},"14":{"loc":{"start":{"line":56,"column":24},"end":{"line":56,"column":59}},"type":"cond-expr","locations":[{"start":{"line":56,"column":50},"end":{"line":56,"column":53}},{"start":{"line":56,"column":56},"end":{"line":56,"column":59}}]},"15":{"loc":{"start":{"line":75,"column":4},"end":{"line":80,"column":null}},"type":"if","locations":[{"start":{"line":75,"column":4},"end":{"line":80,"column":null}}]},"16":{"loc":{"start":{"line":75,"column":8},"end":{"line":77,"column":31}},"type":"binary-expr","locations":[{"start":{"line":75,"column":8},"end":{"line":75,"column":32}},{"start":{"line":76,"column":6},"end":{"line":76,"column":32}},{"start":{"line":77,"column":6},"end":{"line":77,"column":31}}]},"17":{"loc":{"start":{"line":82,"column":4},"end":{"line":97,"column":null}},"type":"if","locations":[{"start":{"line":82,"column":4},"end":{"line":97,"column":null}},{"start":{"line":95,"column":11},"end":{"line":97,"column":null}}]},"18":{"loc":{"start":{"line":87,"column":6},"end":{"line":94,"column":null}},"type":"if","locations":[{"start":{"line":87,"column":6},"end":{"line":94,"column":null}}]},"19":{"loc":{"start":{"line":88,"column":8},"end":{"line":92,"column":19}},"type":"binary-expr","locations":[{"start":{"line":88,"column":8},"end":{"line":88,"column":18}},{"start":{"line":89,"column":8},"end":{"line":89,"column":18}},{"start":{"line":90,"column":8},"end":{"line":90,"column":38}},{"start":{"line":91,"column":8},"end":{"line":91,"column":16}},{"start":{"line":92,"column":8},"end":{"line":92,"column":19}}]}},"s":{"0":12,"1":12,"2":5,"3":7,"4":1,"5":12,"6":0,"7":12,"8":0,"9":7,"10":7,"11":21,"12":21,"13":21,"14":63,"15":21,"16":21,"17":7,"18":7,"19":7,"20":7,"21":0,"22":7,"23":7,"24":21,"25":21,"26":7,"27":0,"28":7,"29":7,"30":7,"31":21,"32":7,"33":21,"34":7,"35":21,"36":7,"37":0,"38":7,"39":7,"40":7,"41":7,"42":7,"43":7,"44":0,"45":0,"46":7},"f":{"0":12,"1":12,"2":7,"3":21,"4":7,"5":21,"6":21,"7":21,"8":21,"9":21},"b":{"0":[12],"1":[12],"2":[5],"3":[0,12,0],"4":[0,7],"5":[7,1],"6":[21],"7":[7],"8":[7],"9":[7,0],"10":[0],"11":[7,7],"12":[7,0],"13":[0],"14":[7,0],"15":[0],"16":[7,7,7],"17":[7,0],"18":[0],"19":[7,7,7,7,7]}}
,"C:\\Users\\Freddy-PC2\\Documents\\appVS\\staffing-frontend-angular\\src\\app\\components\\person-report\\person-report.component.html": {"path":"C:\\Users\\Freddy-PC2\\Documents\\appVS\\staffing-frontend-angular\\src\\app\\components\\person-report\\person-report.component.html","statementMap":{"0":{"start":{"line":1,"column":0},"end":{"line":1,"column":10367}}},"fnMap":{},"branchMap":{},"s":{"0":1},"f":{},"b":{},"inputSourceMap":null,"_coverageSchema":"1a1c01bbd47fc00a2c39e90264f33305004495a9","hash":"9d0fa20a04193f7c730b61c2178951cfa9d30961"}
,"C:\\Users\\Freddy-PC2\\Documents\\appVS\\staffing-frontend-angular\\src\\app\\components\\person-report\\person-report.component.ts": {"path":"C:\\Users\\Freddy-PC2\\Documents\\appVS\\staffing-frontend-angular\\src\\app\\components\\person-report\\person-report.component.ts","statementMap":{"0":{"start":{"line":1,"column":0},"end":{"line":1,"column":8}},"1":{"start":{"line":2,"column":0},"end":{"line":2,"column":48}},"2":{"start":{"line":3,"column":0},"end":{"line":3,"column":49}},"3":{"start":{"line":4,"column":0},"end":{"line":4,"column":60}},"4":{"start":{"line":5,"column":0},"end":{"line":5,"column":25}},"5":{"start":{"line":6,"column":0},"end":{"line":6,"column":8}},"6":{"start":{"line":7,"column":0},"end":{"line":7,"column":62}},"7":{"start":{"line":16,"column":34},"end":{"line":231,"column":null}},"8":{"start":{"line":41,"column":12},"end":{"line":41,"column":16}},"9":{"start":{"line":42,"column":12},"end":{"line":42,"column":27}},"10":{"start":{"line":43,"column":12},"end":{"line":43,"column":28}},"11":{"start":{"line":44,"column":12},"end":{"line":44,"column":29}},"12":{"start":{"line":45,"column":12},"end":{"line":45,"column":30}},"13":{"start":{"line":46,"column":12},"end":{"line":46,"column":27}},"14":{"start":{"line":17,"column":2},"end":{"line":17,"column":null}},"15":{"start":{"line":28,"column":2},"end":{"line":28,"column":null}},"16":{"start":{"line":29,"column":2},"end":{"line":29,"column":null}},"17":{"start":{"line":30,"column":2},"end":{"line":30,"column":null}},"18":{"start":{"line":31,"column":2},"end":{"line":31,"column":null}},"19":{"start":{"line":32,"column":2},"end":{"line":32,"column":null}},"20":{"start":{"line":34,"column":2},"end":{"line":35,"column":null}},"21":{"start":{"line":48,"column":4},"end":{"line":48,"column":null}},"22":{"start":{"line":49,"column":4},"end":{"line":49,"column":null}},"23":{"start":{"line":50,"column":4},"end":{"line":50,"column":null}},"24":{"start":{"line":51,"column":4},"end":{"line":51,"column":null}},"25":{"start":{"line":53,"column":4},"end":{"line":60,"column":null}},"26":{"start":{"line":57,"column":10},"end":{"line":57,"column":85}},"27":{"start":{"line":59,"column":18},"end":{"line":59,"column":44}},"28":{"start":{"line":64,"column":4},"end":{"line":81,"column":null}},"29":{"start":{"line":86,"column":4},"end":{"line":86,"column":null}},"30":{"start":{"line":90,"column":4},"end":{"line":90,"column":null}},"31":{"start":{"line":94,"column":4},"end":{"line":94,"column":null}},"32":{"start":{"line":98,"column":4},"end":{"line":98,"column":null}},"33":{"start":{"line":102,"column":4},"end":{"line":102,"column":null}},"34":{"start":{"line":106,"column":4},"end":{"line":106,"column":null}},"35":{"start":{"line":110,"column":4},"end":{"line":110,"column":null}},"36":{"start":{"line":116,"column":4},"end":{"line":134,"column":null}},"37":{"start":{"line":136,"column":4},"end":{"line":136,"column":26}},"38":{"start":{"line":140,"column":4},"end":{"line":145,"column":null}},"39":{"start":{"line":143,"column":8},"end":{"line":143,"column":null}},"40":{"start":{"line":144,"column":8},"end":{"line":144,"column":null}},"41":{"start":{"line":149,"column":4},"end":{"line":149,"column":null}},"42":{"start":{"line":153,"column":4},"end":{"line":153,"column":null}},"43":{"start":{"line":154,"column":4},"end":{"line":154,"column":null}},"44":{"start":{"line":166,"column":8},"end":{"line":166,"column":34}},"45":{"start":{"line":168,"column":15},"end":{"line":182,"column":null}},"46":{"start":{"line":185,"column":23},"end":{"line":185,"column":41}},"47":{"start":{"line":186,"column":4},"end":{"line":190,"column":null}},"48":{"start":{"line":187,"column":6},"end":{"line":190,"column":null}},"49":{"start":{"line":192,"column":4},"end":{"line":197,"column":null}},"50":{"start":{"line":194,"column":6},"end":{"line":197,"column":null}},"51":{"start":{"line":198,"column":4},"end":{"line":198,"column":23}},"52":{"start":{"line":202,"column":4},"end":{"line":205,"column":null}},"53":{"start":{"line":209,"column":4},"end":{"line":224,"column":null}},"54":{"start":{"line":210,"column":25},"end":{"line":210,"column":40}},"55":{"start":{"line":211,"column":6},"end":{"line":213,"column":null}},"56":{"start":{"line":212,"column":8},"end":{"line":212,"column":null}},"57":{"start":{"line":215,"column":6},"end":{"line":217,"column":null}},"58":{"start":{"line":216,"column":8},"end":{"line":216,"column":null}},"59":{"start":{"line":219,"column":6},"end":{"line":221,"column":null}},"60":{"start":{"line":220,"column":8},"end":{"line":220,"column":null}},"61":{"start":{"line":223,"column":6},"end":{"line":223,"column":null}},"62":{"start":{"line":228,"column":4},"end":{"line":228,"column":null}},"63":{"start":{"line":16,"column":13},"end":{"line":231,"column":null}},"64":{"start":{"line":16,"column":13},"end":{"line":16,"column":34}}},"fnMap":{"0":{"name":"(anonymous_0)","decl":{"start":{"line":40,"column":2},"end":{"line":40,"column":null}},"loc":{"start":{"line":46,"column":46},"end":{"line":61,"column":3}}},"1":{"name":"(anonymous_1)","decl":{"start":{"line":56,"column":18},"end":{"line":56,"column":19}},"loc":{"start":{"line":57,"column":10},"end":{"line":57,"column":85}}},"2":{"name":"(anonymous_2)","decl":{"start":{"line":59,"column":12},"end":{"line":59,"column":15}},"loc":{"start":{"line":59,"column":18},"end":{"line":59,"column":44}}},"3":{"name":"(anonymous_3)","decl":{"start":{"line":63,"column":2},"end":{"line":63,"column":16}},"loc":{"start":{"line":63,"column":16},"end":{"line":82,"column":3}}},"4":{"name":"(anonymous_4)","decl":{"start":{"line":85,"column":2},"end":{"line":85,"column":6}},"loc":{"start":{"line":85,"column":11},"end":{"line":87,"column":3}}},"5":{"name":"(anonymous_5)","decl":{"start":{"line":89,"column":2},"end":{"line":89,"column":6}},"loc":{"start":{"line":89,"column":12},"end":{"line":91,"column":3}}},"6":{"name":"(anonymous_6)","decl":{"start":{"line":93,"column":2},"end":{"line":93,"column":6}},"loc":{"start":{"line":93,"column":13},"end":{"line":95,"column":3}}},"7":{"name":"(anonymous_7)","decl":{"start":{"line":97,"column":2},"end":{"line":97,"column":6}},"loc":{"start":{"line":97,"column":12},"end":{"line":99,"column":3}}},"8":{"name":"(anonymous_8)","decl":{"start":{"line":101,"column":2},"end":{"line":101,"column":6}},"loc":{"start":{"line":101,"column":24},"end":{"line":103,"column":3}}},"9":{"name":"(anonymous_9)","decl":{"start":{"line":105,"column":2},"end":{"line":105,"column":6}},"loc":{"start":{"line":105,"column":31},"end":{"line":107,"column":3}}},"10":{"name":"(anonymous_10)","decl":{"start":{"line":109,"column":2},"end":{"line":109,"column":6}},"loc":{"start":{"line":109,"column":14},"end":{"line":111,"column":3}}},"11":{"name":"(anonymous_11)","decl":{"start":{"line":115,"column":2},"end":{"line":115,"column":18}},"loc":{"start":{"line":115,"column":18},"end":{"line":137,"column":3}}},"12":{"name":"(anonymous_12)","decl":{"start":{"line":139,"column":2},"end":{"line":139,"column":16}},"loc":{"start":{"line":139,"column":16},"end":{"line":146,"column":3}}},"13":{"name":"(anonymous_13)","decl":{"start":{"line":142,"column":17},"end":{"line":142,"column":18}},"loc":{"start":{"line":142,"column":30},"end":{"line":145,"column":7}}},"14":{"name":"(anonymous_14)","decl":{"start":{"line":148,"column":2},"end":{"line":148,"column":10}},"loc":{"start":{"line":148,"column":10},"end":{"line":150,"column":3}}},"15":{"name":"(anonymous_15)","decl":{"start":{"line":152,"column":2},"end":{"line":152,"column":15}},"loc":{"start":{"line":152,"column":15},"end":{"line":155,"column":3}}},"16":{"name":"(anonymous_16)","decl":{"start":{"line":157,"column":2},"end":{"line":157,"column":17}},"loc":{"start":{"line":157,"column":17},"end":{"line":199,"column":3}}},"17":{"name":"(anonymous_17)","decl":{"start":{"line":201,"column":2},"end":{"line":201,"column":17}},"loc":{"start":{"line":201,"column":43},"end":{"line":206,"column":3}}},"18":{"name":"(anonymous_18)","decl":{"start":{"line":208,"column":2},"end":{"line":208,"column":15}},"loc":{"start":{"line":208,"column":15},"end":{"line":225,"column":3}}},"19":{"name":"(anonymous_19)","decl":{"start":{"line":209,"column":11},"end":{"line":209,"column":12}},"loc":{"start":{"line":209,"column":42},"end":{"line":224,"column":5}}},"20":{"name":"(anonymous_20)","decl":{"start":{"line":227,"column":2},"end
[...]
,"C:\\Users\\Freddy-PC2\\Documents\\appVS\\staffing-frontend-angular\\src\\app\\services\\person-report.service.ts": {"path":"C:\\Users\\Freddy-PC2\\Documents\\appVS\\staffing-frontend-angular\\src\\app\\services\\person-report.service.ts","statementMap":{"0":{"start":{"line":2,"column":0},"end":{"line":2,"column":54}},"1":{"start":{"line":3,"column":0},"end":{"line":3,"column":41}},"2":{"start":{"line":4,"column":0},"end":{"line":4,"column":8}},"3":{"start":{"line":7,"column":32},"end":{"line":27,"column":null}},"4":{"start":{"line":11,"column":22},"end":{"line":11,"column":28}},"5":{"start":{"line":9,"column":10},"end":{"line":9,"column":45}},"6":{"start":{"line":21,"column":4},"end":{"line":25,"column":null}},"7":{"start":{"line":7,"column":13},"end":{"line":27,"column":null}},"8":{"start":{"line":7,"column":13},"end":{"line":7,"column":32}}},"fnMap":{"0":{"name":"(anonymous_0)","decl":{"start":{"line":11,"column":2},"end":{"line":11,"column":22}},"loc":{"start":{"line":11,"column":39},"end":{"line":12,"column":3}}},"1":{"name":"(anonymous_1)","decl":{"start":{"line":20,"column":9},"end":{"line":20,"column":29}},"loc":{"start":{"line":20,"column":76},"end":{"line":26,"column":3}}}},"branchMap":{},"s":{"0":1,"1":1,"2":1,"3":1,"4":0,"5":0,"6":0,"7":1,"8":1},"f":{"0":0,"1":0},"b":{}}
,"C:\\Users\\Freddy-PC2\\Documents\\appVS\\staffing-frontend-angular\\src\\app\\services\\person.service.ts": {"path":"C:\\Users\\Freddy-PC2\\Documents\\appVS\\staffing-frontend-angular\\src\\app\\services\\person.service.ts","statementMap":{"0":{"start":{"line":1,"column":0},"end":{"line":1,"column":41}},"1":{"start":{"line":2,"column":0},"end":{"line":2,"column":8}},"2":{"start":{"line":4,"column":0},"end":{"line":4,"column":54}},"3":{"start":{"line":9,"column":26},"end":{"line":108,"column":null}},"4":{"start":{"line":14,"column":22},"end":{"line":14,"column":28}},"5":{"start":{"line":12,"column":10},"end":{"line":12,"column":39}},"6":{"start":{"line":24,"column":4},"end":{"line":24,"column":null}},"7":{"start":{"line":38,"column":4},"end":{"line":38,"column":null}},"8":{"start":{"line":49,"column":4},"end":{"line":49,"column":null}},"9":{"start":{"line":60,"column":4},"end":{"line":60,"column":null}},"10":{"start":{"line":71,"column":4},"end":{"line":71,"column":null}},"11":{"start":{"line":83,"column":4},"end":{"line":83,"column":null}},"12":{"start":{"line":94,"column":4},"end":{"line":94,"column":null}},"13":{"start":{"line":105,"column":4},"end":{"line":105,"column":null}},"14":{"start":{"line":9,"column":13},"end":{"line":108,"column":null}},"15":{"start":{"line":9,"column":13},"end":{"line":9,"column":26}}},"fnMap":{"0":{"name":"(anonymous_0)","decl":{"start":{"line":14,"column":2},"end":{"line":14,"column":22}},"loc":{"start":{"line":14,"column":39},"end":{"line":15,"column":3}}},"1":{"name":"(anonymous_1)","decl":{"start":{"line":23,"column":9},"end":{"line":23,"column":18}},"loc":{"start":{"line":23,"column":18},"end":{"line":25,"column":3}}},"2":{"name":"(anonymous_2)","decl":{"start":{"line":37,"column":9},"end":{"line":37,"column":29}},"loc":{"start":{"line":37,"column":86},"end":{"line":39,"column":3}}},"3":{"name":"(anonymous_3)","decl":{"start":{"line":48,"column":9},"end":{"line":48,"column":22}},"loc":{"start":{"line":48,"column":33},"end":{"line":50,"column":3}}},"4":{"name":"(anonymous_4)","decl":{"start":{"line":59,"column":9},"end":{"line":59,"column":21}},"loc":{"start":{"line":59,"column":48},"end":{"line":61,"column":3}}},"5":{"name":"(anonymous_5)","decl":{"start":{"line":70,"column":9},"end":{"line":70,"column":18}},"loc":{"start":{"line":70,"column":33},"end":{"line":72,"column":3}}},"6":{"name":"(anonymous_6)","decl":{"start":{"line":82,"column":9},"end":{"line":82,"column":21}},"loc":{"start":{"line":82,"column":48},"end":{"line":84,"column":3}}},"7":{"name":"(anonymous_7)","decl":{"start":{"line":93,"column":9},"end":{"line":93,"column":36}},"loc":{"start":{"line":93,"column":51},"end":{"line":95,"column":3}}},"8":{"name":"(anonymous_8)","decl":{"start":{"line":104,"column":9},"end":{"line":104,"column":28}},"loc":{"start":{"line":104,"column":42},"end":{"line":106,"column":3}}}},"branchMap":{},"s":{"0":1,"1":1,"2":1,"3":1,"4":0,"5":0,"6":0,"7":0,"8":0,"9":0,"10":0,"11":0,"12":0,"13":0,"14":1,"15":1},"f":{"0":0,"1":0,"2":0,"3":0,"4":0,"5":0,"6":0,"7":0,"8":0},"b":{}}
,"C:\\Users\\Freddy-PC2\\Documents\\appVS\\staffing-frontend-angular\\src\\app\\services\\profiles.service.ts": {"path":"C:\\Users\\Freddy-PC2\\Documents\\appVS\\staffing-frontend-angular\\src\\app\\services\\profiles.service.ts","statementMap":{"0":{"start":{"line":1,"column":0},"end":{"line":1,"column":41}},"1":{"start":{"line":2,"column":0},"end":{"line":2,"column":8}},"2":{"start":{"line":5,"column":0},"end":{"line":5,"column":54}},"3":{"start":{"line":9,"column":28},"end":{"line":43,"column":null}},"4":{"start":{"line":13,"column":22},"end":{"line":13,"column":28}},"5":{"start":{"line":11,"column":10},"end":{"line":11,"column":39}},"6":{"start":{"line":21,"column":4},"end":{"line":21,"column":null}},"7":{"start":{"line":32,"column":4},"end":{"line":32,"column":null}},"8":{"start":{"line":41,"column":4},"end":{"line":41,"column":null}},"9":{"start":{"line":9,"column":13},"end":{"line":43,"column":null}},"10":{"start":{"line":9,"column":13},"end":{"line":9,"column":28}}},"fnMap":{"0":{"name":"(anonymous_0)","decl":{"start":{"line":13,"column":2},"end":{"line":13,"column":22}},"loc":{"start":{"line":13,"column":39},"end":{"line":13,"column":44}}},"1":{"name":"(anonymous_1)","decl":{"start":{"line":20,"column":9},"end":{"line":20,"column":20}},"loc":{"start":{"line":20,"column":20},"end":{"line":22,"column":3}}},"2":{"name":"(anonymous_2)","decl":{"start":{"line":31,"column":9},"end":{"line":31,"column":28}},"loc":{"start":{"line":31,"column":39},"end":{"line":33,"column":3}}},"3":{"name":"(anonymous_3)","decl":{"start":{"line":40,"column":9},"end":{"line":40,"column":25}},"loc":{"start":{"line":40,"column":55},"end":{"line":42,"column":3}}}},"branchMap":{},"s":{"0":1,"1":1,"2":1,"3":1,"4":0,"5":0,"6":0,"7":0,"8":0,"9":1,"10":1},"f":{"0":0,"1":0,"2":0,"3":0},"b":{}}
,"C:\\Users\\Freddy-PC2\\Documents\\appVS\\staffing-frontend-angular\\src\\app\\services\\providers.service.ts": {"path":"C:\\Users\\Freddy-PC2\\Documents\\appVS\\staffing-frontend-angular\\src\\app\\services\\providers.service.ts","statementMap":{"0":{"start":{"line":1,"column":0},"end":{"line":1,"column":41}},"1":{"start":{"line":2,"column":0},"end":{"line":2,"column":8}},"2":{"start":{"line":4,"column":0},"end":{"line":4,"column":54}},"3":{"start":{"line":8,"column":29},"end":{"line":24,"column":null}},"4":{"start":{"line":12,"column":22},"end":{"line":12,"column":28}},"5":{"start":{"line":10,"column":10},"end":{"line":10,"column":39}},"6":{"start":{"line":21,"column":4},"end":{"line":21,"column":null}},"7":{"start":{"line":8,"column":13},"end":{"line":24,"column":null}},"8":{"start":{"line":8,"column":13},"end":{"line":8,"column":29}}},"fnMap":{"0":{"name":"(anonymous_0)","decl":{"start":{"line":12,"column":2},"end":{"line":12,"column":22}},"loc":{"start":{"line":12,"column":39},"end":{"line":12,"column":44}}},"1":{"name":"(anonymous_1)","decl":{"start":{"line":20,"column":9},"end":{"line":20,"column":21}},"loc":{"start":{"line":20,"column":21},"end":{"line":22,"column":3}}}},"branchMap":{},"s":{"0":1,"1":1,"2":1,"3":1,"4":12,"5":12,"6":12,"7":1,"8":1},"f":{"0":12,"1":12},"b":{}}
,"C:\\Users\\Freddy-PC2\\Documents\\appVS\\staffing-frontend-angular\\src\\app\\services\\roles.service.ts": {"path":"C:\\Users\\Freddy-PC2\\Documents\\appVS\\staffing-frontend-angular\\src\\app\\services\\roles.service.ts","statementMap":{"0":{"start":{"line":1,"column":0},"end":{"line":1,"column":41}},"1":{"start":{"line":2,"column":0},"end":{"line":2,"column":8}},"2":{"start":{"line":3,"column":0},"end":{"line":3,"column":54}},"3":{"start":{"line":7,"column":25},"end":{"line":22,"column":null}},"4":{"start":{"line":11,"column":22},"end":{"line":11,"column":28}},"5":{"start":{"line":9,"column":10},"end":{"line":9,"column":39}},"6":{"start":{"line":20,"column":4},"end":{"line":20,"column":null}},"7":{"start":{"line":7,"column":13},"end":{"line":22,"column":null}},"8":{"start":{"line":7,"column":13},"end":{"line":7,"column":25}}},"fnMap":{"0":{"name":"(anonymous_0)","decl":{"start":{"line":11,"column":2},"end":{"line":11,"column":22}},"loc":{"start":{"line":11,"column":39},"end":{"line":11,"column":44}}},"1":{"name":"(anonymous_1)","decl":{"start":{"line":19,"column":2},"end":{"line":19,"column":9}},"loc":{"start":{"line":19,"column":9},"end":{"line":21,"column":3}}}},"branchMap":{},"s":{"0":1,"1":1,"2":1,"3":1,"4":0,"5":0,"6":0,"7":1,"8":1},"f":{"0":0,"1":0},"b":{}}
,"C:\\Users\\Freddy-PC2\\Documents\\appVS\\staffing-frontend-angular\\src\\app\\services\\seniority.service.ts": {"path":"C:\\Users\\Freddy-PC2\\Documents\\appVS\\staffing-frontend-angular\\src\\app\\services\\seniority.service.ts","statementMap":{"0":{"start":{"line":2,"column":0},"end":{"line":2,"column":41}},"1":{"start":{"line":3,"column":0},"end":{"line":3,"column":8}},"2":{"start":{"line":4,"column":0},"end":{"line":4,"column":54}},"3":{"start":{"line":8,"column":29},"end":{"line":23,"column":null}},"4":{"start":{"line":12,"column":22},"end":{"line":12,"column":28}},"5":{"start":{"line":10,"column":10},"end":{"line":10,"column":39}},"6":{"start":{"line":21,"column":4},"end":{"line":21,"column":null}},"7":{"start":{"line":8,"column":13},"end":{"line":23,"column":null}},"8":{"start":{"line":8,"column":13},"end":{"line":8,"column":29}}},"fnMap":{"0":{"name":"(anonymous_0)","decl":{"start":{"line":12,"column":2},"end":{"line":12,"column":22}},"loc":{"start":{"line":12,"column":39},"end":{"line":12,"column":44}}},"1":{"name":"(anonymous_1)","decl":{"start":{"line":20,"column":10},"end":{"line":20,"column":22}},"loc":{"start":{"line":20,"column":22},"end":{"line":22,"column":3}}}},"branchMap":{},"s":{"0":1,"1":1,"2":1,"3":1,"4":0,"5":0,"6":0,"7":1,"8":1},"f":{"0":0,"1":0},"b":{}}
,"C:\\Users\\Freddy-PC2\\Documents\\appVS\\staffing-frontend-angular\\src\\app\\services\\skills.service.ts": {"path":"C:\\Users\\Freddy-PC2\\Documents\\appVS\\staffing-frontend-angular\\src\\app\\services\\skills.service.ts","statementMap":{"0":{"start":{"line":1,"column":0},"end":{"line":1,"column":41}},"1":{"start":{"line":2,"column":0},"end":{"line":2,"column":8}},"2":{"start":{"line":5,"column":0},"end":{"line":5,"column":54}},"3":{"start":{"line":6,"column":0},"end":{"line":6,"column":38}},"4":{"start":{"line":7,"column":0},"end":{"line":7,"column":35}},"5":{"start":{"line":11,"column":26},"end":{"line":140,"column":null}},"6":{"start":{"line":15,"column":22},"end":{"line":15,"column":28}},"7":{"start":{"line":13,"column":10},"end":{"line":13,"column":39}},"8":{"start":{"line":24,"column":4},"end":{"line":24,"column":null}},"9":{"start":{"line":33,"column":4},"end":{"line":43,"column":null}},"10":{"start":{"line":36,"column":10},"end":{"line":40,"column":null}},"11":{"start":{"line":37,"column":13},"end":{"line":40,"column":14}},"12":{"start":{"line":53,"column":4},"end":{"line":53,"column":null}},"13":{"start":{"line":63,"column":4},"end":{"line":63,"column":null}},"14":{"start":{"line":73,"column":4},"end":{"line":73,"column":null}},"15":{"start":{"line":83,"column":4},"end":{"line":83,"column":null}},"16":{"start":{"line":93,"column":4},"end":{"line":105,"column":null}},"17":{"start":{"line":95,"column":8},"end":{"line":103,"column":null}},"18":{"start":{"line":96,"column":40},"end":{"line":96,"column":44}},"19":{"start":{"line":97,"column":10},"end":{"line":101,"column":null}},"20":{"start":{"line":98,"column":12},"end":{"line":100,"column":null}},"21":{"start":{"line":99,"column":14},"end":{"line":99,"column":null}},"22":{"start":{"line":102,"column":10},"end":{"line":102,"column":47}},"23":{"start":{"line":116,"column":4},"end":{"line":116,"column":null}},"24":{"start":{"line":126,"column":4},"end":{"line":126,"column":null}},"25":{"start":{"line":137,"column":4},"end":{"line":137,"column":null}},"26":{"start":{"line":11,"column":13},"end":{"line":140,"column":null}},"27":{"start":{"line":11,"column":13},"end":{"line":11,"column":26}}},"fnMap":{"0":{"name":"(anonymous_0)","decl":{"start":{"line":15,"column":2},"end":{"line":15,"column":22}},"loc":{"start":{"line":15,"column":39},"end":{"line":16,"column":3}}},"1":{"name":"(anonymous_1)","decl":{"start":{"line":23,"column":9},"end":{"line":23,"column":22}},"loc":{"start":{"line":23,"column":22},"end":{"line":25,"column":3}}},"2":{"name":"(anonymous_2)","decl":{"start":{"line":32,"column":9},"end":{"line":32,"column":28}},"loc":{"start":{"line":32,"column":28},"end":{"line":44,"column":3}}},"3":{"name":"(anonymous_3)","decl":{"start":{"line":35,"column":12},"end":{"line":35,"column":17}},"loc":{"start":{"line":36,"column":10},"end":{"line":40,"column":null}}},"4":{"name":"(anonymous_4)","decl":{"start":{"line":36,"column":20},"end":{"line":36,"column":24}},"loc":{"start":{"line":37,"column":13},"end":{"line":40,"column":14}}},"5":{"name":"(anonymous_5)","decl":{"start":{"line":52,"column":9},"end":{"line":52,"column":28}},"loc":{"start":{"line":52,"column":39},"end":{"line":55,"column":3}}},"6":{"name":"(anonymous_6)","decl":{"start":{"line":62,"column":9},"end":{"line":62,"column":24}},"loc":{"start":{"line":62,"column":51},"end":{"line":64,"column":3}}},"7":{"name":"(anonymous_7)","decl":{"start":{"line":72,"column":9},"end":{"line":72,"column":26}},"loc":{"start":{"line":72,"column":43},"end":{"line":74,"column":3}}},"8":{"name":"(anonymous_8)","decl":{"start":{"line":82,"column":9},"end":{"line":82,"column":18}},"loc":{"start":{"line":82,"column":18},"end":{"line":84,"column":3}}},"9":{"name":"(anonymous_9)","decl":{"start":{"line":92,"column":9},"end":{"line":92,"column":24}},"loc":{"start":{"line":92,"column":47},"end":{"line":106,"column":3}}},"10":{"name":"(anonymous_10)","decl":{"start":{"line":94,"column":10},"end":{"line":94,"column":11}},"loc":{"start":{"line":94,"column":30},"end":{"line":104,"column":7}}},"11":{"name":"(anonymous_11)","decl":{"start":{"line":95,"column":29},"end":{"line":95,"column":30}},"loc":{"start":{"line":95,"column":39},"end":{"line":103,"column":9}}},"12":{"name":"(anonymous_12)","decl":{"start":{"line":97,"column":32},"end":{"line":97,"column":33}},"loc":{"start":{"line":97,"column":41},"end":{"line":101,"column":11}}},"13":{"name":"(anonymous_13)","decl":{"start":{"line":115,"column":9},"end":{"line":115,"column":20}},"loc":{"start":{"line":115,"column":45},"end":{"line":117,"column":3}}},"14":{"name":"(anonymous_14)","decl":{"start":{"line":125,"column":9},"end":{"line":125,"column":17}},"loc":{"start":{"line":125,"column":30},"end":{"line":127,"column":3}}},"15":{"name":"(anonymous_15)","decl":{"start":{"line":136,"column":9},"end":{"line":136,"column":29}},"loc":{"start":{"line":136,"column":47},"end":{"line":138,"column":3}}}},"branchMap":{"0":{"loc":{"start":{"line":98,"column":12},"end":{"line":100,"column":null}},"type":"if","locations":[{"start":{"line":98,"column":12},"end":{"line":100,"column":null}}]},"1":{"loc":{"start":{"line":102,"column":17},"end":{"line":102,"column":46}},"type":"cond-expr","locations":[{"start":{"line":102,"column":34},"end":{"line":102,"column":39}},{"start":{"line":102,"column":42},"end":{"line":102,"column":46}}]}},"s":{"0":1,"1":1,"2":1,"3":1,"4":1,"5":1,"6":0,"7":0,"8":0,"9":0,"10":0,"11":0,"12":0,"13":0,"14":0,"15":0,"16":0,"17":0,"18":0,"19":0,"20":0,"21":0,"22":0,"23":0,"24":0,"25":0,"26":1,"27":1},"f":{"0":0,"1":0,"2":0,"3":0,"4":0,"5":0,"6":0,"7":0,"8":0,"9":0,"10":0,"11":0,"12":0,"13":0,"14":0,"15":0},"b":{"0":[0],"1":[0,0]}}
,"C:\\Users\\Freddy-PC2\\Documents\\appVS\\staffing-frontend-angular\\src\\app\\services\\tribu.service.ts": {"path":"C:\\Users\\Freddy-PC2\\Documents\\appVS\\staffing-frontend-angular\\src\\app\\services\\tribu.service.ts","statementMap":{"0":{"start":{"line":1,"column":0},"end":{"line":1,"column":41}},"1":{"start":{"line":2,"column":0},"end":{"line":2,"column":8}},"2":{"start":{"line":3,"column":0},"end":{"line":3,"column":54}},"3":{"start":{"line":8,"column":25},"end":{"line":57,"column":null}},"4":{"start":{"line":12,"column":22},"end":{"line":12,"column":28}},"5":{"start":{"line":10,"column":10},"end":{"line":10,"column":39}},"6":{"start":{"line":22,"column":4},"end":{"line":22,"column":null}},"7":{"start":{"line":32,"column":4},"end":{"line":32,"column":null}},"8":{"start":{"line":44,"column":4},"end":{"line":44,"column":null}},"9":{"start":{"line":54,"column":4},"end":{"line":54,"column":null}},"10":{"start":{"line":8,"column":13},"end":{"line":57,"column":null}},"11":{"start":{"line":8,"column":13},"end":{"line":8,"column":25}}},"fnMap":{"0":{"name":"(anonymous_0)","decl":{"start":{"line":12,"column":2},"end":{"line":12,"column":22}},"loc":{"start":{"line":12,"column":39},"end":{"line":13,"column":3}}},"1":{"name":"(anonymous_1)","decl":{"start":{"line":21,"column":9},"end":{"line":21,"column":17}},"loc":{"start":{"line":21,"column":17},"end":{"line":23,"column":3}}},"2":{"name":"(anonymous_2)","decl":{"start":{"line":31,"column":9},"end":{"line":31,"column":17}},"loc":{"start":{"line":31,"column":30},"end":{"line":33,"column":3}}},"3":{"name":"(anonymous_3)","decl":{"start":{"line":43,"column":9},"end":{"line":43,"column":20}},"loc":{"start":{"line":43,"column":45},"end":{"line":45,"column":3}}},"4":{"name":"(anonymous_4)","decl":{"start":{"line":53,"column":9},"end":{"line":53,"column":26}},"loc":{"start":{"line":53,"column":44},"end":{"line":55,"column":3}}}},"branchMap":{},"s":{"0":1,"1":1,"2":1,"3":1,"4":0,"5":0,"6":0,"7":0,"8":0,"9":0,"10":1,"11":1},"f":{"0":0,"1":0,"2":0,"3":0,"4":0},"b":{}}
,"C:\\Users\\Freddy-PC2\\Documents\\appVS\\staffing-frontend-angular\\src\\app\\services\\utilitary.service.ts": {"path":"C:\\Users\\Freddy-PC2\\Documents\\appVS\\staffing-frontend-angular\\src\\app\\services\\utilitary.service.ts","statementMap":{"0":{"start":{"line":1,"column":0},"end":{"line":1,"column":41}},"1":{"start":{"line":5,"column":29},"end":{"line":27,"column":null}},"2":{"start":{"line":17,"column":4},"end":{"line":17,"column":null}},"3":{"start":{"line":24,"column":4},"end":{"line":24,"column":null}},"4":{"start":{"line":5,"column":13},"end":{"line":27,"column":null}},"5":{"start":{"line":5,"column":13},"end":{"line":5,"column":29}}},"fnMap":{"0":{"name":"(anonymous_0)","decl":{"start":{"line":9,"column":2},"end":{"line":9,"column":null}},"loc":{"start":{"line":9,"column":2},"end":{"line":10,"column":3}}},"1":{"name":"(anonymous_1)","decl":{"start":{"line":16,"column":2},"end":{"line":16,"column":14}},"loc":{"start":{"line":16,"column":30},"end":{"line":18,"column":3}}},"2":{"name":"(anonymous_2)","decl":{"start":{"line":23,"column":2},"end":{"line":23,"column":6}},"loc":{"start":{"line":23,"column":16},"end":{"line":25,"column":3}}}},"branchMap":{},"s":{"0":1,"1":1,"2":0,"3":0,"4":1,"5":1},"f":{"0":0,"1":0,"2":0},"b":{}}
,"C:\\Users\\Freddy-PC2\\Documents\\appVS\\staffing-frontend-angular\\src\\environments\\environment.ts": {"path":"C:\\Users\\Freddy-PC2\\Documents\\appVS\\staffing-frontend-angular\\src\\environments\\environment.ts","statementMap":{"0":{"start":{"line":5,"column":13},"end":{"line":21,"column":2}}},"fnMap":{},"branchMap":{},"s":{"0":1},"f":{},"b":{}}
}
