TN:
SF:src\app\common\components\common.module.ts
FNF:0
FNH:0
DA:1,1
DA:2,1
DA:3,1
DA:4,1
DA:5,1
DA:6,1
DA:7,1
DA:8,1
DA:9,1
DA:10,1
DA:11,1
DA:12,1
DA:44,1
LF:13
LH:13
BRF:0
BRH:0
end_of_record
TN:
SF:src\app\common\components\custom-input\custom-input.component.html
FNF:0
FNH:0
DA:1,1
LF:1
LH:1
BRF:0
BRH:0
end_of_record
TN:
SF:src\app\common\components\custom-input\custom-input.component.ts
FN:42,(anonymous_0)
FN:45,(anonymous_1)
FN:48,(anonymous_2)
FN:55,(anonymous_3)
FN:59,(anonymous_4)
FN:63,(anonymous_5)
FN:67,(anonymous_6)
FNF:7
FNH:4
FNDA:60,(anonymous_0)
FNDA:60,(anonymous_1)
FNDA:0,(anonymous_2)
FNDA:240,(anonymous_3)
FNDA:120,(anonymous_4)
FNDA:0,(anonymous_5)
FNDA:0,(anonymous_6)
DA:1,1
DA:2,1
DA:15,1
DA:16,60
DA:17,60
DA:18,60
DA:19,60
DA:20,60
DA:21,60
DA:22,60
DA:23,60
DA:24,60
DA:25,60
DA:26,60
DA:27,60
DA:29,60
DA:30,60
DA:31,60
DA:32,60
DA:34,60
DA:35,60
DA:36,60
DA:37,60
DA:39,60
DA:40,60
DA:42,60
DA:49,0
DA:50,0
DA:51,0
DA:56,240
DA:60,120
DA:64,0
DA:68,0
LF:33
LH:28
BRDA:50,0,0,0
BRDA:50,1,0,0
BRDA:50,1,1,0
BRDA:60,2,0,120
BRDA:60,2,1,0
BRF:5
BRH:1
end_of_record
TN:
SF:src\app\common\components\error\error.component.html
FNF:0
FNH:0
DA:1,1
LF:1
LH:1
BRF:0
BRH:0
end_of_record
TN:
SF:src\app\common\components\error\error.component.ts
FN:14,(anonymous_0)
FN:16,(anonymous_1)
FNF:2
FNH:0
FNDA:0,(anonymous_0)
FNDA:0,(anonymous_1)
DA:1,1
DA:8,1
DA:11,0
DA:12,0
LF:4
LH:2
BRF:0
BRH:0
end_of_record
TN:
SF:src\app\common\components\message-bar\message-bar.component.html
FNF:0
FNH:0
DA:1,1
LF:1
LH:1
BRF:0
BRH:0
end_of_record
TN:
SF:src\app\common\components\message-bar\message-bar.component.ts
FN:15,(anonymous_0)
FN:18,(anonymous_1)
FNF:2
FNH:0
FNDA:0,(anonymous_0)
FNDA:0,(anonymous_1)
DA:1,1
DA:8,1
DA:10,0
DA:11,0
DA:12,0
DA:13,0
DA:19,0
LF:7
LH:2
BRF:0
BRH:0
end_of_record
TN:
SF:src\app\common\components\p-select\p-select.component.html
FNF:0
FNH:0
DA:1,1
LF:1
LH:1
BRF:0
BRH:0
end_of_record
TN:
SF:src\app\common\components\p-select\p-select.component.ts
FN:55,(anonymous_0)
FN:77,(anonymous_1)
FN:80,(anonymous_2)
FN:133,(anonymous_3)
FN:134,(anonymous_4)
FN:173,(anonymous_5)
FN:176,(anonymous_6)
FN:60,(anonymous_7)
FN:66,(anonymous_8)
FN:70,(anonymous_9)
FN:84,(anonymous_10)
FN:89,(anonymous_11)
FN:93,(anonymous_12)
FN:97,(anonymous_13)
FN:101,(anonymous_14)
FN:105,(anonymous_15)
FN:109,(anonymous_16)
FN:114,(anonymous_17)
FN:117,(anonymous_18)
FN:124,(anonymous_19)
FN:126,(anonymous_20)
FN:136,(anonymous_21)
FN:141,(anonymous_22)
FN:144,(anonymous_23)
FN:148,(anonymous_24)
FN:154,(anonymous_25)
FN:162,(anonymous_26)
FN:168,(anonymous_27)
FN:25,(anonymous_29)
FN:181,(anonymous_30)
FN:188,(anonymous_31)
FNF:31
FNH:3
FNDA:0,(anonymous_0)
FNDA:0,(anonymous_1)
FNDA:0,(anonymous_2)
FNDA:0,(anonymous_3)
FNDA:0,(anonymous_4)
FNDA:0,(anonymous_5)
FNDA:0,(anonymous_6)
FNDA:0,(anonymous_7)
FNDA:0,(anonymous_8)
FNDA:0,(anonymous_9)
FNDA:0,(anonymous_10)
FNDA:0,(anonymous_11)
FNDA:0,(anonymous_12)
FNDA:0,(anonymous_13)
FNDA:0,(anonymous_14)
FNDA:0,(anonymous_15)
FNDA:0,(anonymous_16)
FNDA:0,(anonymous_17)
FNDA:0,(anonymous_18)
FNDA:0,(anonymous_19)
FNDA:0,(anonymous_20)
FNDA:0,(anonymous_21)
FNDA:0,(anonymous_22)
FNDA:0,(anonymous_23)
FNDA:0,(anonymous_24)
FNDA:0,(anonymous_25)
FNDA:0,(anonymous_26)
FNDA:0,(anonymous_27)
FNDA:12,(anonymous_29)
FNDA:1,(anonymous_30)
FNDA:1,(anonymous_31)
DA:1,1
DA:13,1
DA:14,1
DA:15,1
DA:25,12
DA:30,1
DA:34,0
DA:35,0
DA:36,0
DA:42,0
DA:44,0
DA:45,0
DA:47,0
DA:53,0
DA:55,0
DA:57,0
DA:61,0
DA:67,0
DA:71,0
DA:72,0
DA:73,0
DA:77,0
DA:80,0
DA:85,0
DA:86,0
DA:90,0
DA:94,0
DA:98,0
DA:102,0
DA:106,0
DA:110,0
DA:112,0
DA:114,0
DA:116,0
DA:117,0
DA:119,0
DA:124,0
DA:127,0
DA:133,0
DA:134,0
DA:137,0
DA:138,0
DA:139,0
DA:140,0
DA:141,0
DA:145,0
DA:149,0
DA:150,0
DA:151,0
DA:156,0
DA:158,0
DA:159,0
DA:163,0
DA:164,0
DA:169,0
DA:173,0
DA:174,0
DA:175,0
DA:176,0
DA:181,1
DA:182,1
DA:183,1
DA:184,1
DA:185,1
DA:188,1
DA:189,1
DA:190,1
DA:191,1
DA:192,1
LF:69
LH:16
BRDA:174,0,0,0
BRDA:61,1,0,0
BRDA:61,1,1,0
BRDA:61,2,0,0
BRDA:61,2,1,0
BRDA:61,3,0,0
BRDA:61,3,1,0
BRDA:63,4,0,0
BRDA:63,4,1,0
BRDA:63,5,0,0
BRDA:63,5,1,0
BRDA:63,6,0,0
BRDA:63,6,1,0
BRDA:71,7,0,0
BRDA:86,8,0,0
BRDA:86,8,1,0
BRDA:106,9,0,0
BRDA:106,9,1,0
BRDA:116,10,0,0
BRDA:137,11,0,0
BRDA:137,11,1,0
BRDA:138,12,0,0
BRDA:138,12,1,0
BRDA:139,13,0,0
BRDA:139,13,1,0
BRDA:145,14,0,0
BRDA:145,14,1,0
BRDA:156,15,0,0
BRDA:156,15,1,0
BRDA:158,16,0,0
BRDA:164,17,0,0
BRDA:164,17,1,0
BRDA:181,18,0,1
BRDA:181,18,1,1
BRDA:188,19,0,1
BRDA:188,19,1,1
BRF:36
BRH:4
end_of_record
TN:
SF:src\app\common\components\p-select-multiple\p-select-multiple.component.html
FNF:0
FNH:0
DA:1,1
LF:1
LH:1
BRF:0
BRH:0
end_of_record
TN:
SF:src\app\common\components\p-select-multiple\p-select-multiple.component.ts
FN:42,(anonymous_0)
FN:45,(anonymous_1)
FN:55,(anonymous_2)
FN:61,(anonymous_3)
FN:65,(anonymous_4)
FN:76,(anonymous_5)
FN:83,(anonymous_6)
FN:88,(anonymous_7)
FN:99,(anonymous_8)
FN:106,(anonymous_9)
FN:107,(anonymous_10)
FN:113,(anonymous_11)
FN:118,(anonymous_12)
FN:122,(anonymous_13)
FN:128,(anonymous_15)
FN:135,(anonymous_16)
FNF:16
FNH:6
FNDA:48,(anonymous_0)
FNDA:48,(anonymous_1)
FNDA:96,(anonymous_2)
FNDA:384,(anonymous_3)
FNDA:0,(anonymous_4)
FNDA:0,(anonymous_5)
FNDA:0,(anonymous_6)
FNDA:0,(anonymous_7)
FNDA:0,(anonymous_8)
FNDA:0,(anonymous_9)
FNDA:0,(anonymous_10)
FNDA:0,(anonymous_11)
FNDA:0,(anonymous_12)
FNDA:0,(anonymous_13)
FNDA:1,(anonymous_15)
FNDA:1,(anonymous_16)
DA:1,1
DA:2,1
DA:3,1
DA:4,1
DA:11,1
DA:13,48
DA:19,48
DA:20,48
DA:21,48
DA:27,48
DA:29,48
DA:30,48
DA:31,48
DA:33,48
DA:36,48
DA:38,48
DA:42,48
DA:48,48
DA:49,48
DA:50,0
DA:51,0
DA:56,96
DA:62,384
DA:66,0
DA:68,0
DA:69,0
DA:71,0
DA:73,0
DA:81,0
DA:83,0
DA:85,0
DA:89,0
DA:92,0
DA:101,0
DA:103,0
DA:104,0
DA:106,0
DA:108,0
DA:109,0
DA:114,0
DA:119,0
DA:122,0
DA:128,1
DA:129,1
DA:130,1
DA:131,1
DA:132,1
DA:135,1
DA:136,1
DA:137,1
DA:138,1
DA:139,1
LF:52
LH:31
BRDA:49,0,0,0
BRDA:49,1,0,48
BRDA:49,1,1,48
BRDA:56,2,0,0
BRDA:56,2,1,96
BRDA:56,3,0,96
BRDA:56,3,1,0
BRDA:56,4,0,96
BRDA:56,4,1,0
BRDA:58,5,0,96
BRDA:58,5,1,96
BRDA:58,6,0,96
BRDA:58,6,1,0
BRDA:58,7,0,96
BRDA:58,7,1,0
BRDA:68,8,0,0
BRDA:68,8,1,0
BRDA:101,9,0,0
BRDA:101,9,1,0
BRDA:103,10,0,0
BRDA:109,11,0,0
BRDA:109,11,1,0
BRDA:119,12,0,0
BRDA:119,12,1,0
BRDA:128,13,0,1
BRDA:128,13,1,1
BRDA:135,14,0,1
BRDA:135,14,1,1
BRF:28
BRH:13
end_of_record
TN:
SF:src\app\common\components\table\table.component.html
FNF:0
FNH:0
DA:1,1
LF:1
LH:1
BRF:0
BRH:0
end_of_record
TN:
SF:src\app\common\components\table\table.component.ts
FN:53,(anonymous_0)
FN:56,(anonymous_1)
FN:61,(anonymous_2)
FN:68,(anonymous_3)
FN:74,(anonymous_4)
FN:75,(anonymous_5)
FN:76,(anonymous_6)
FN:84,(anonymous_7)
FN:91,(anonymous_8)
FN:95,(anonymous_9)
FN:96,(anonymous_10)
FN:99,(anonymous_11)
FN:109,(anonymous_12)
FN:116,(anonymous_13)
FN:130,(anonymous_14)
FN:138,(anonymous_15)
FN:146,(anonymous_16)
FN:149,(anonymous_17)
FN:159,(anonymous_18)
FN:171,(anonymous_19)
FN:188,(anonymous_20)
FN:194,(anonymous_21)
FN:202,(anonymous_22)
FN:214,(anonymous_24)
FN:215,(anonymous_25)
FN:216,(anonymous_26)
FNF:26
FNH:0
FNDA:0,(anonymous_0)
FNDA:0,(anonymous_1)
FNDA:0,(anonymous_2)
FNDA:0,(anonymous_3)
FNDA:0,(anonymous_4)
FNDA:0,(anonymous_5)
FNDA:0,(anonymous_6)
FNDA:0,(anonymous_7)
FNDA:0,(anonymous_8)
FNDA:0,(anonymous_9)
FNDA:0,(anonymous_10)
FNDA:0,(anonymous_11)
FNDA:0,(anonymous_12)
FNDA:0,(anonymous_13)
FNDA:0,(anonymous_14)
FNDA:0,(anonymous_15)
FNDA:0,(anonymous_16)
FNDA:0,(anonymous_17)
FNDA:0,(anonymous_18)
FNDA:0,(anonymous_19)
FNDA:0,(anonymous_20)
FNDA:0,(anonymous_21)
FNDA:0,(anonymous_22)
FNDA:0,(anonymous_24)
FNDA:0,(anonymous_25)
FNDA:0,(anonymous_26)
DA:1,1
DA:13,1
DA:14,1
DA:15,1
DA:24,1
DA:30,0
DA:33,0
DA:35,0
DA:39,0
DA:40,0
DA:42,0
DA:43,0
DA:44,0
DA:53,0
DA:57,0
DA:58,0
DA:62,0
DA:63,0
DA:64,0
DA:69,0
DA:71,0
DA:74,0
DA:75,0
DA:77,0
DA:78,0
DA:85,0
DA:86,0
DA:92,0
DA:95,0
DA:96,0
DA:100,0
DA:102,0
DA:106,0
DA:110,0
DA:113,0
DA:117,0
DA:126,0
DA:131,0
DA:139,0
DA:141,0
DA:146,0
DA:149,0
DA:150,0
DA:151,0
DA:154,0
DA:160,0
DA:172,0
DA:178,0
DA:183,0
DA:184,0
DA:189,0
DA:190,0
DA:191,0
DA:195,0
DA:196,0
DA:197,0
DA:203,0
DA:214,1
DA:215,0
DA:216,0
DA:217,0
LF:61
LH:6
BRDA:62,0,0,0
BRDA:62,1,0,0
BRDA:62,1,1,0
BRDA:77,2,0,0
BRDA:95,3,0,0
BRDA:95,3,1,0
BRDA:95,4,0,0
BRDA:95,4,1,0
BRDA:100,5,0,0
BRDA:100,6,0,0
BRDA:100,6,1,0
BRDA:106,7,0,0
BRDA:106,7,1,0
BRDA:163,8,0,0
BRDA:163,8,1,0
BRDA:175,9,0,0
BRDA:175,9,1,0
BRDA:189,10,0,0
BRDA:189,10,1,0
BRDA:217,11,0,0
BRDA:217,11,1,0
BRDA:217,11,2,0
BRF:22
BRH:0
end_of_record
TN:
SF:src\app\common\components\table\atoms\context-menu.component.ts
FN:65,(anonymous_1)
FNF:1
FNH:0
FNDA:0,(anonymous_1)
DA:1,1
DA:59,1
DA:63,0
DA:66,0
LF:4
LH:2
BRF:0
BRH:0
end_of_record
TN:
SF:src\app\common\components\table\atoms\tb-pagination.component.ts
FN:161,(anonymous_0)
FN:188,(anonymous_1)
FN:164,(anonymous_2)
FN:168,(anonymous_3)
FN:174,(anonymous_4)
FN:175,(anonymous_5)
FN:180,(anonymous_6)
FN:181,(anonymous_7)
FN:184,(anonymous_8)
FN:194,(anonymous_9)
FN:210,(anonymous_10)
FNF:11
FNH:0
FNDA:0,(anonymous_0)
FNDA:0,(anonymous_1)
FNDA:0,(anonymous_2)
FNDA:0,(anonymous_3)
FNDA:0,(anonymous_4)
FNDA:0,(anonymous_5)
FNDA:0,(anonymous_6)
FNDA:0,(anonymous_7)
FNDA:0,(anonymous_8)
FNDA:0,(anonymous_9)
FNDA:0,(anonymous_10)
DA:1,1
DA:13,1
DA:149,1
DA:155,0
DA:158,0
DA:161,0
DA:165,0
DA:169,0
DA:170,0
DA:171,0
DA:175,0
DA:176,0
DA:181,0
DA:185,0
DA:188,0
DA:189,0
DA:190,0
DA:191,0
DA:195,0
DA:196,0
DA:197,0
DA:200,0
DA:201,0
DA:207,0
DA:211,0
DA:212,0
DA:214,0
DA:215,0
DA:217,0
DA:218,0
DA:220,0
DA:221,0
DA:222,0
DA:223,0
DA:226,0
DA:227,0
DA:228,0
DA:230,0
DA:231,0
DA:232,0
DA:234,0
LF:41
LH:3
BRDA:181,0,0,0
BRDA:181,0,1,0
BRDA:194,1,0,0
BRDA:200,2,0,0
BRDA:211,3,0,0
BRDA:214,4,0,0
BRDA:217,5,0,0
BRDA:226,6,0,0
BRDA:230,7,0,0
BRF:9
BRH:0
end_of_record
TN:
SF:src\app\common\utils\validate-date.ts
FN:1,validateDate
FN:11,responseSetter
FN:23,daysInMonth
FN:29,getAllIndexes
FN:37,dateValidator
FN:51,(anonymous_5)
FN:52,(anonymous_6)
FN:64,(anonymous_7)
FN:68,(anonymous_8)
FN:72,(anonymous_9)
FNF:10
FNH:10
FNDA:12,validateDate
FNDA:12,responseSetter
FNDA:7,daysInMonth
FNDA:21,getAllIndexes
FNDA:7,dateValidator
FNDA:21,(anonymous_5)
FNDA:21,(anonymous_6)
FNDA:21,(anonymous_7)
FNDA:21,(anonymous_8)
FNDA:21,(anonymous_9)
DA:1,1
DA:2,12
DA:3,12
DA:4,5
DA:7,7
DA:12,12
DA:14,0
DA:16,12
DA:19,0
DA:24,7
DA:26,7
DA:30,21
DA:31,21
DA:32,63
DA:34,21
DA:38,7
DA:40,7
DA:41,7
DA:44,7
DA:46,7
DA:50,7
DA:51,21
DA:52,21
DA:54,7
DA:56,7
DA:58,7
DA:62,7
DA:64,21
DA:66,7
DA:68,21
DA:70,7
DA:72,21
DA:75,7
DA:79,0
DA:82,7
DA:83,7
DA:84,7
DA:85,7
DA:86,7
DA:87,7
DA:93,0
DA:96,0
DA:100,7
LF:43
LH:38
BRDA:1,0,0,12
BRDA:1,1,0,12
BRDA:3,2,0,5
BRDA:12,3,0,0
BRDA:12,3,1,12
BRDA:12,3,2,0
BRDA:26,4,0,0
BRDA:26,4,1,7
BRDA:26,5,0,7
BRDA:26,5,1,1
BRDA:32,6,0,21
BRDA:38,7,0,7
BRDA:40,8,0,7
BRDA:41,9,0,7
BRDA:41,9,1,0
BRDA:44,10,0,0
BRDA:44,11,0,7
BRDA:44,11,1,7
BRDA:46,12,0,7
BRDA:46,12,1,0
BRDA:54,13,0,0
BRDA:56,14,0,7
BRDA:56,14,1,0
BRDA:75,15,0,0
BRDA:75,16,0,7
BRDA:75,16,1,7
BRDA:75,16,2,7
BRDA:82,17,0,7
BRDA:82,17,1,0
BRDA:87,18,0,0
BRDA:88,19,0,7
BRDA:88,19,1,7
BRDA:88,19,2,7
BRDA:88,19,3,7
BRDA:88,19,4,7
BRF:35
BRH:24
end_of_record
TN:
SF:src\app\components\person-report\person-report.component.html
FNF:0
FNH:0
DA:1,1
LF:1
LH:1
BRF:0
BRH:0
end_of_record
TN:
SF:src\app\components\person-report\person-report.component.ts
FN:40,(anonymous_0)
FN:56,(anonymous_1)
FN:59,(anonymous_2)
FN:63,(anonymous_3)
FN:85,(anonymous_4)
FN:89,(anonymous_5)
FN:93,(anonymous_6)
FN:97,(anonymous_7)
FN:101,(anonymous_8)
FN:105,(anonymous_9)
FN:109,(anonymous_10)
FN:115,(anonymous_11)
FN:139,(anonymous_12)
FN:142,(anonymous_13)
FN:148,(anonymous_14)
FN:152,(anonymous_15)
FN:157,(anonymous_16)
FN:201,(anonymous_17)
FN:208,(anonymous_18)
FN:209,(anonymous_19)
FN:227,(anonymous_20)
FNF:21
FNH:20
FNDA:12,(anonymous_0)
FNDA:2,(anonymous_1)
FNDA:2,(anonymous_2)
FNDA:12,(anonymous_3)
FNDA:14,(anonymous_4)
FNDA:3,(anonymous_5)
FNDA:1,(anonymous_6)
FNDA:25,(anonymous_7)
FNDA:49,(anonymous_8)
FNDA:49,(anonymous_9)
FNDA:0,(anonymous_10)
FNDA:12,(anonymous_11)
FNDA:12,(anonymous_12)
FNDA:1,(anonymous_13)
FNDA:12,(anonymous_14)
FNDA:1,(anonymous_15)
FNDA:4,(anonymous_16)
FNDA:1,(anonymous_17)
FNDA:28,(anonymous_18)
FNDA:175,(anonymous_19)
FNDA:1,(anonymous_20)
DA:1,1
DA:2,1
DA:3,1
DA:4,1
DA:5,1
DA:6,1
DA:7,1
DA:16,1
DA:17,12
DA:28,12
DA:29,12
DA:30,12
DA:31,12
DA:32,12
DA:34,12
DA:41,12
DA:42,12
DA:43,12
DA:44,12
DA:45,12
DA:46,12
DA:48,12
DA:49,12
DA:50,12
DA:51,12
DA:53,12
DA:57,2
DA:59,2
DA:64,12
DA:86,14
DA:90,3
DA:94,1
DA:98,25
DA:102,49
DA:106,49
DA:110,0
DA:116,12
DA:136,12
DA:140,12
DA:143,1
DA:144,1
DA:149,12
DA:153,1
DA:154,1
DA:166,4
DA:168,4
DA:185,4
DA:186,4
DA:187,2
DA:192,4
DA:194,1
DA:198,4
DA:202,1
DA:209,28
DA:210,175
DA:211,175
DA:212,169
DA:215,6
DA:216,2
DA:219,4
DA:220,2
DA:223,2
DA:228,1
LF:63
LH:62
BRDA:169,0,0,2
BRDA:169,0,1,2
BRDA:169,1,0,0
BRDA:169,1,1,4
BRDA:169,2,0,4
BRDA:169,2,1,4
BRDA:170,3,0,0
BRDA:170,3,1,4
BRDA:170,4,0,2
BRDA:170,4,1,2
BRDA:170,5,0,4
BRDA:170,5,1,2
BRDA:171,6,0,0
BRDA:171,6,1,4
BRDA:171,7,0,2
BRDA:171,7,1,2
BRDA:171,8,0,4
BRDA:171,8,1,2
BRDA:172,9,0,0
BRDA:172,9,1,4
BRDA:172,10,0,0
BRDA:172,10,1,4
BRDA:172,11,0,4
BRDA:172,11,1,4
BRDA:186,12,0,2
BRDA:186,13,0,4
BRDA:186,13,1,2
BRDA:192,14,0,1
BRDA:192,15,0,4
BRDA:192,15,1,2
BRDA:211,16,0,169
BRDA:211,17,0,175
BRDA:211,17,1,170
BRDA:215,18,0,2
BRDA:215,19,0,6
BRDA:215,19,1,5
BRDA:219,20,0,2
BRDA:228,21,0,1
BRDA:228,21,1,0
BRF:39
BRH:33
end_of_record
TN:
SF:src\app\services\asignaciones-celulas.service.ts
FN:13,(anonymous_0)
FN:19,(anonymous_1)
FN:33,(anonymous_2)
FN:48,(anonymous_3)
FN:55,(anonymous_4)
FN:66,(anonymous_5)
FN:77,(anonymous_6)
FN:87,(anonymous_7)
FN:94,(anonymous_8)
FNF:9
FNH:0
FNDA:0,(anonymous_0)
FNDA:0,(anonymous_1)
FNDA:0,(anonymous_2)
FNDA:0,(anonymous_3)
FNDA:0,(anonymous_4)
FNDA:0,(anonymous_5)
FNDA:0,(anonymous_6)
FNDA:0,(anonymous_7)
FNDA:0,(anonymous_8)
DA:1,1
DA:2,1
DA:4,1
DA:9,1
DA:11,0
DA:13,0
DA:20,0
DA:34,0
DA:49,0
DA:56,0
DA:67,0
DA:78,0
DA:88,0
DA:95,0
LF:14
LH:4
BRF:0
BRH:0
end_of_record
TN:
SF:src\app\services\asignaciones-tribus.service.ts
FN:13,(anonymous_0)
FN:21,(anonymous_1)
FN:35,(anonymous_2)
FN:48,(anonymous_3)
FN:60,(anonymous_4)
FN:71,(anonymous_5)
FN:81,(anonymous_6)
FN:92,(anonymous_7)
FN:102,(anonymous_8)
FNF:9
FNH:0
FNDA:0,(anonymous_0)
FNDA:0,(anonymous_1)
FNDA:0,(anonymous_2)
FNDA:0,(anonymous_3)
FNDA:0,(anonymous_4)
FNDA:0,(anonymous_5)
FNDA:0,(anonymous_6)
FNDA:0,(anonymous_7)
FNDA:0,(anonymous_8)
DA:1,1
DA:2,1
DA:3,1
DA:9,1
DA:11,0
DA:13,0
DA:22,0
DA:36,0
DA:49,0
DA:61,0
DA:72,0
DA:82,0
DA:93,0
DA:103,0
LF:14
LH:4
BRF:0
BRH:0
end_of_record
TN:
SF:src\app\services\celula.service.ts
FN:11,(anonymous_0)
FN:19,(anonymous_1)
FN:31,(anonymous_2)
FN:42,(anonymous_3)
FN:50,(anonymous_4)
FN:60,(anonymous_5)
FN:69,(anonymous_6)
FNF:7
FNH:0
FNDA:0,(anonymous_0)
FNDA:0,(anonymous_1)
FNDA:0,(anonymous_2)
FNDA:0,(anonymous_3)
FNDA:0,(anonymous_4)
FNDA:0,(anonymous_5)
FNDA:0,(anonymous_6)
DA:1,1
DA:2,1
DA:3,1
DA:8,1
DA:9,0
DA:11,0
DA:20,0
DA:32,0
DA:43,0
DA:51,0
DA:61,0
DA:70,0
LF:12
LH:4
BRF:0
BRH:0
end_of_record
TN:
SF:src\app\services\chapter.service.ts
FN:13,(anonymous_0)
FN:21,(anonymous_1)
FN:32,(anonymous_2)
FN:42,(anonymous_3)
FNF:4
FNH:0
FNDA:0,(anonymous_0)
FNDA:0,(anonymous_1)
FNDA:0,(anonymous_2)
FNDA:0,(anonymous_3)
DA:1,1
DA:2,1
DA:5,1
DA:9,1
DA:11,0
DA:13,0
DA:22,0
DA:33,0
DA:43,0
LF:9
LH:4
BRF:0
BRH:0
end_of_record
TN:
SF:src\app\services\country.service.ts
FN:12,(anonymous_0)
FN:20,(anonymous_1)
FNF:2
FNH:0
FNDA:0,(anonymous_0)
FNDA:0,(anonymous_1)
DA:1,1
DA:2,1
DA:4,1
DA:8,1
DA:10,0
DA:12,0
DA:21,0
LF:7
LH:4
BRF:0
BRH:0
end_of_record
TN:
SF:src\app\services\index.ts
FN:1,(anonymous_0)
FN:2,(anonymous_1)
FN:3,(anonymous_2)
FN:4,(anonymous_3)
FN:5,(anonymous_4)
FN:6,(anonymous_5)
FN:7,(anonymous_6)
FN:8,(anonymous_7)
FN:9,(anonymous_8)
FN:10,(anonymous_9)
FN:11,(anonymous_10)
FN:12,(anonymous_11)
FN:13,(anonymous_12)
FN:14,(anonymous_13)
FN:15,(anonymous_14)
FNF:15
FNH:4
FNDA:13,(anonymous_0)
FNDA:0,(anonymous_1)
FNDA:0,(anonymous_2)
FNDA:13,(anonymous_3)
FNDA:0,(anonymous_4)
FNDA:13,(anonymous_5)
FNDA:0,(anonymous_6)
FNDA:0,(anonymous_7)
FNDA:0,(anonymous_8)
FNDA:0,(anonymous_9)
FNDA:13,(anonymous_10)
FNDA:0,(anonymous_11)
FNDA:0,(anonymous_12)
FNDA:0,(anonymous_13)
FNDA:0,(anonymous_14)
DA:1,14
DA:2,1
DA:3,1
DA:4,14
DA:5,1
DA:6,14
DA:7,1
DA:8,1
DA:9,1
DA:10,1
DA:11,14
DA:12,1
DA:13,1
DA:14,1
DA:15,1
LF:15
LH:15
BRF:0
BRH:0
end_of_record
TN:
SF:src\app\services\message-bar.service.ts
FN:10,(anonymous_0)
FN:13,(anonymous_1)
FN:23,(anonymous_2)
FN:31,(anonymous_3)
FNF:4
FNH:0
FNDA:0,(anonymous_0)
FNDA:0,(anonymous_1)
FNDA:0,(anonymous_2)
FNDA:0,(anonymous_3)
DA:1,1
DA:2,1
DA:6,1
DA:8,0
DA:14,0
DA:24,0
DA:31,0
DA:32,0
LF:8
LH:3
BRDA:23,0,0,0
BRF:1
BRH:0
end_of_record
TN:
SF:src\app\services\person-report.service.ts
FN:11,(anonymous_0)
FN:20,(anonymous_1)
FNF:2
FNH:0
FNDA:0,(anonymous_0)
FNDA:0,(anonymous_1)
DA:2,1
DA:3,1
DA:4,1
DA:7,1
DA:9,0
DA:11,0
DA:21,0
LF:7
LH:4
BRF:0
BRH:0
end_of_record
TN:
SF:src\app\services\person.service.ts
FN:14,(anonymous_0)
FN:23,(anonymous_1)
FN:37,(anonymous_2)
FN:48,(anonymous_3)
FN:59,(anonymous_4)
FN:70,(anonymous_5)
FN:82,(anonymous_6)
FN:93,(anonymous_7)
FN:104,(anonymous_8)
FNF:9
FNH:0
FNDA:0,(anonymous_0)
FNDA:0,(anonymous_1)
FNDA:0,(anonymous_2)
FNDA:0,(anonymous_3)
FNDA:0,(anonymous_4)
FNDA:0,(anonymous_5)
FNDA:0,(anonymous_6)
FNDA:0,(anonymous_7)
FNDA:0,(anonymous_8)
DA:1,1
DA:2,1
DA:4,1
DA:9,1
DA:12,0
DA:14,0
DA:24,0
DA:38,0
DA:49,0
DA:60,0
DA:71,0
DA:83,0
DA:94,0
DA:105,0
LF:14
LH:4
BRF:0
BRH:0
end_of_record
TN:
SF:src\app\services\profiles.service.ts
FN:13,(anonymous_0)
FN:20,(anonymous_1)
FN:31,(anonymous_2)
FN:40,(anonymous_3)
FNF:4
FNH:0
FNDA:0,(anonymous_0)
FNDA:0,(anonymous_1)
FNDA:0,(anonymous_2)
FNDA:0,(anonymous_3)
DA:1,1
DA:2,1
DA:5,1
DA:9,1
DA:11,0
DA:13,0
DA:21,0
DA:32,0
DA:41,0
LF:9
LH:4
BRF:0
BRH:0
end_of_record
TN:
SF:src\app\services\providers.service.ts
FN:12,(anonymous_0)
FN:20,(anonymous_1)
FNF:2
FNH:2
FNDA:12,(anonymous_0)
FNDA:12,(anonymous_1)
DA:1,1
DA:2,1
DA:4,1
DA:8,1
DA:10,12
DA:12,12
DA:21,12
LF:7
LH:7
BRF:0
BRH:0
end_of_record
TN:
SF:src\app\services\roles.service.ts
FN:11,(anonymous_0)
FN:19,(anonymous_1)
FNF:2
FNH:0
FNDA:0,(anonymous_0)
FNDA:0,(anonymous_1)
DA:1,1
DA:2,1
DA:3,1
DA:7,1
DA:9,0
DA:11,0
DA:20,0
LF:7
LH:4
BRF:0
BRH:0
end_of_record
TN:
SF:src\app\services\seniority.service.ts
FN:12,(anonymous_0)
FN:20,(anonymous_1)
FNF:2
FNH:0
FNDA:0,(anonymous_0)
FNDA:0,(anonymous_1)
DA:2,1
DA:3,1
DA:4,1
DA:8,1
DA:10,0
DA:12,0
DA:21,0
LF:7
LH:4
BRF:0
BRH:0
end_of_record
TN:
SF:src\app\services\skills.service.ts
FN:15,(anonymous_0)
FN:23,(anonymous_1)
FN:32,(anonymous_2)
FN:35,(anonymous_3)
FN:36,(anonymous_4)
FN:52,(anonymous_5)
FN:62,(anonymous_6)
FN:72,(anonymous_7)
FN:82,(anonymous_8)
FN:92,(anonymous_9)
FN:94,(anonymous_10)
FN:95,(anonymous_11)
FN:97,(anonymous_12)
FN:115,(anonymous_13)
FN:125,(anonymous_14)
FN:136,(anonymous_15)
FNF:16
FNH:0
FNDA:0,(anonymous_0)
FNDA:0,(anonymous_1)
FNDA:0,(anonymous_2)
FNDA:0,(anonymous_3)
FNDA:0,(anonymous_4)
FNDA:0,(anonymous_5)
FNDA:0,(anonymous_6)
FNDA:0,(anonymous_7)
FNDA:0,(anonymous_8)
FNDA:0,(anonymous_9)
FNDA:0,(anonymous_10)
FNDA:0,(anonymous_11)
FNDA:0,(anonymous_12)
FNDA:0,(anonymous_13)
FNDA:0,(anonymous_14)
FNDA:0,(anonymous_15)
DA:1,1
DA:2,1
DA:5,1
DA:6,1
DA:7,1
DA:11,1
DA:13,0
DA:15,0
DA:24,0
DA:33,0
DA:36,0
DA:37,0
DA:53,0
DA:63,0
DA:73,0
DA:83,0
DA:93,0
DA:95,0
DA:96,0
DA:97,0
DA:98,0
DA:99,0
DA:102,0
DA:116,0
DA:126,0
DA:137,0
LF:26
LH:6
BRDA:98,0,0,0
BRDA:102,1,0,0
BRDA:102,1,1,0
BRF:3
BRH:0
end_of_record
TN:
SF:src\app\services\tribu.service.ts
FN:12,(anonymous_0)
FN:21,(anonymous_1)
FN:31,(anonymous_2)
FN:43,(anonymous_3)
FN:53,(anonymous_4)
FNF:5
FNH:0
FNDA:0,(anonymous_0)
FNDA:0,(anonymous_1)
FNDA:0,(anonymous_2)
FNDA:0,(anonymous_3)
FNDA:0,(anonymous_4)
DA:1,1
DA:2,1
DA:3,1
DA:8,1
DA:10,0
DA:12,0
DA:22,0
DA:32,0
DA:44,0
DA:54,0
LF:10
LH:4
BRF:0
BRH:0
end_of_record
TN:
SF:src\app\services\utilitary.service.ts
FN:9,(anonymous_0)
FN:16,(anonymous_1)
FN:23,(anonymous_2)
FNF:3
FNH:0
FNDA:0,(anonymous_0)
FNDA:0,(anonymous_1)
FNDA:0,(anonymous_2)
DA:1,1
DA:5,1
DA:17,0
DA:24,0
LF:4
LH:2
BRF:0
BRH:0
end_of_record
TN:
SF:src\environments\environment.ts
FNF:0
FNH:0
DA:5,1
LF:1
LH:1
BRF:0
BRH:0
end_of_record
